[2022-09-24 15:28:48,499] {taskinstance.py:1032} INFO - Dependencies all met for <TaskInstance: task2_xcom_dag.accurate manual__2022-09-24T15:28:13.829237+00:00 [queued]>
[2022-09-24 15:28:48,569] {taskinstance.py:1032} INFO - Dependencies all met for <TaskInstance: task2_xcom_dag.accurate manual__2022-09-24T15:28:13.829237+00:00 [queued]>
[2022-09-24 15:28:48,572] {taskinstance.py:1238} INFO - 
--------------------------------------------------------------------------------
[2022-09-24 15:28:48,575] {taskinstance.py:1239} INFO - Starting attempt 1 of 1
[2022-09-24 15:28:48,576] {taskinstance.py:1240} INFO - 
--------------------------------------------------------------------------------
[2022-09-24 15:28:48,642] {taskinstance.py:1259} INFO - Executing <Task(BashOperator): accurate> on 2022-09-24 15:28:13.829237+00:00
[2022-09-24 15:28:48,666] {standard_task_runner.py:76} INFO - Running: ['***', 'tasks', 'run', 'task2_xcom_dag', 'accurate', 'manual__2022-09-24T15:28:13.829237+00:00', '--job-id', '31', '--raw', '--subdir', 'DAGS_FOLDER/task2_xcom_dag.py', '--cfg-path', '/tmp/tmpy1h3iosa', '--error-file', '/tmp/tmpee6s4pes']
[2022-09-24 15:28:48,673] {standard_task_runner.py:77} INFO - Job 31: Subtask accurate
[2022-09-24 15:28:48,656] {standard_task_runner.py:52} INFO - Started process 558 to run task
[2022-09-24 15:28:49,230] {logging_mixin.py:109} INFO - Running <TaskInstance: task2_xcom_dag.accurate manual__2022-09-24T15:28:13.829237+00:00 [running]> on host fce8fcc31726
[2022-09-24 15:28:50,196] {taskinstance.py:1426} INFO - Exporting the following env vars:
AIRFLOW_CTX_DAG_OWNER=***
AIRFLOW_CTX_DAG_ID=task2_xcom_dag
AIRFLOW_CTX_TASK_ID=accurate
AIRFLOW_CTX_EXECUTION_DATE=2022-09-24T15:28:13.829237+00:00
AIRFLOW_CTX_DAG_RUN_ID=manual__2022-09-24T15:28:13.829237+00:00
[2022-09-24 15:28:50,214] {subprocess.py:62} INFO - Tmp dir root location: 
 /tmp
[2022-09-24 15:28:50,266] {subprocess.py:74} INFO - Running command: ['bash', '-c', "echo 'accurate'"]
[2022-09-24 15:28:50,700] {subprocess.py:85} INFO - Output:
[2022-09-24 15:28:50,949] {subprocess.py:89} INFO - accurate
[2022-09-24 15:28:50,958] {subprocess.py:93} INFO - Command exited with return code 0
[2022-09-24 15:28:51,275] {taskinstance.py:1277} INFO - Marking task as SUCCESS. dag_id=task2_xcom_dag, task_id=accurate, execution_date=20220924T152813, start_date=20220924T152848, end_date=20220924T152851
[2022-09-24 15:28:51,413] {local_task_job.py:154} INFO - Task exited with return code 0
[2022-09-24 15:28:51,574] {local_task_job.py:264} INFO - 0 downstream tasks scheduled from follow-on schedule check
