[2022-09-24 15:28:31,405] {taskinstance.py:1032} INFO - Dependencies all met for <TaskInstance: task2_xcom_dag.training_model_A manual__2022-09-24T15:28:13.829237+00:00 [queued]>
[2022-09-24 15:28:31,466] {taskinstance.py:1032} INFO - Dependencies all met for <TaskInstance: task2_xcom_dag.training_model_A manual__2022-09-24T15:28:13.829237+00:00 [queued]>
[2022-09-24 15:28:31,476] {taskinstance.py:1238} INFO - 
--------------------------------------------------------------------------------
[2022-09-24 15:28:31,480] {taskinstance.py:1239} INFO - Starting attempt 1 of 1
[2022-09-24 15:28:31,481] {taskinstance.py:1240} INFO - 
--------------------------------------------------------------------------------
[2022-09-24 15:28:31,569] {taskinstance.py:1259} INFO - Executing <Task(PythonOperator): training_model_A> on 2022-09-24 15:28:13.829237+00:00
[2022-09-24 15:28:31,722] {standard_task_runner.py:52} INFO - Started process 545 to run task
[2022-09-24 15:28:31,974] {standard_task_runner.py:76} INFO - Running: ['***', 'tasks', 'run', 'task2_xcom_dag', 'training_model_A', 'manual__2022-09-24T15:28:13.829237+00:00', '--job-id', '25', '--raw', '--subdir', 'DAGS_FOLDER/task2_xcom_dag.py', '--cfg-path', '/tmp/tmpcboi6dh6', '--error-file', '/tmp/tmpiqduuxxx']
[2022-09-24 15:28:31,991] {standard_task_runner.py:77} INFO - Job 25: Subtask training_model_A
[2022-09-24 15:28:34,619] {logging_mixin.py:109} INFO - Running <TaskInstance: task2_xcom_dag.training_model_A manual__2022-09-24T15:28:13.829237+00:00 [running]> on host fce8fcc31726
[2022-09-24 15:28:35,667] {taskinstance.py:1426} INFO - Exporting the following env vars:
AIRFLOW_CTX_DAG_OWNER=***
AIRFLOW_CTX_DAG_ID=task2_xcom_dag
AIRFLOW_CTX_TASK_ID=training_model_A
AIRFLOW_CTX_EXECUTION_DATE=2022-09-24T15:28:13.829237+00:00
AIRFLOW_CTX_DAG_RUN_ID=manual__2022-09-24T15:28:13.829237+00:00
[2022-09-24 15:28:35,682] {logging_mixin.py:109} INFO - model's accuracy: 9
[2022-09-24 15:28:35,838] {python.py:175} INFO - Done. Returned value was: None
[2022-09-24 15:28:35,945] {taskinstance.py:1277} INFO - Marking task as SUCCESS. dag_id=task2_xcom_dag, task_id=training_model_A, execution_date=20220924T152813, start_date=20220924T152831, end_date=20220924T152835
[2022-09-24 15:28:36,341] {local_task_job.py:154} INFO - Task exited with return code 0
[2022-09-24 15:28:37,164] {local_task_job.py:264} INFO - 0 downstream tasks scheduled from follow-on schedule check
