[2022-09-24 15:28:31,100] {taskinstance.py:1032} INFO - Dependencies all met for <TaskInstance: task2_xcom_dag.training_model_C scheduled__2022-09-23T00:00:00+00:00 [queued]>
[2022-09-24 15:28:31,332] {taskinstance.py:1032} INFO - Dependencies all met for <TaskInstance: task2_xcom_dag.training_model_C scheduled__2022-09-23T00:00:00+00:00 [queued]>
[2022-09-24 15:28:31,333] {taskinstance.py:1238} INFO - 
--------------------------------------------------------------------------------
[2022-09-24 15:28:31,333] {taskinstance.py:1239} INFO - Starting attempt 1 of 1
[2022-09-24 15:28:31,337] {taskinstance.py:1240} INFO - 
--------------------------------------------------------------------------------
[2022-09-24 15:28:31,419] {taskinstance.py:1259} INFO - Executing <Task(PythonOperator): training_model_C> on 2022-09-23 00:00:00+00:00
[2022-09-24 15:28:31,439] {standard_task_runner.py:52} INFO - Started process 544 to run task
[2022-09-24 15:28:31,475] {standard_task_runner.py:76} INFO - Running: ['***', 'tasks', 'run', 'task2_xcom_dag', 'training_model_C', 'scheduled__2022-09-23T00:00:00+00:00', '--job-id', '23', '--raw', '--subdir', 'DAGS_FOLDER/task2_xcom_dag.py', '--cfg-path', '/tmp/tmplydpct3y', '--error-file', '/tmp/tmp0ucv14tu']
[2022-09-24 15:28:31,510] {standard_task_runner.py:77} INFO - Job 23: Subtask training_model_C
[2022-09-24 15:28:34,670] {logging_mixin.py:109} INFO - Running <TaskInstance: task2_xcom_dag.training_model_C scheduled__2022-09-23T00:00:00+00:00 [running]> on host fce8fcc31726
[2022-09-24 15:28:35,808] {taskinstance.py:1426} INFO - Exporting the following env vars:
AIRFLOW_CTX_DAG_OWNER=***
AIRFLOW_CTX_DAG_ID=task2_xcom_dag
AIRFLOW_CTX_TASK_ID=training_model_C
AIRFLOW_CTX_EXECUTION_DATE=2022-09-23T00:00:00+00:00
AIRFLOW_CTX_DAG_RUN_ID=scheduled__2022-09-23T00:00:00+00:00
[2022-09-24 15:28:35,826] {logging_mixin.py:109} INFO - model's accuracy: 2
[2022-09-24 15:28:35,936] {python.py:175} INFO - Done. Returned value was: None
[2022-09-24 15:28:36,068] {taskinstance.py:1277} INFO - Marking task as SUCCESS. dag_id=task2_xcom_dag, task_id=training_model_C, execution_date=20220923T000000, start_date=20220924T152831, end_date=20220924T152836
[2022-09-24 15:28:36,340] {local_task_job.py:154} INFO - Task exited with return code 0
[2022-09-24 15:28:37,228] {local_task_job.py:264} INFO - 0 downstream tasks scheduled from follow-on schedule check
