[2022-09-24 15:08:00,682] {processor.py:163} INFO - Started process (PID=149) to work on /opt/airflow/dags/my_dag.py
[2022-09-24 15:08:00,686] {processor.py:642} INFO - Processing file /opt/airflow/dags/my_dag.py for tasks to queue
[2022-09-24 15:08:00,757] {logging_mixin.py:109} INFO - [2022-09-24 15:08:00,757] {dagbag.py:500} INFO - Filling up the DagBag from /opt/airflow/dags/my_dag.py
[2022-09-24 15:08:02,272] {processor.py:654} INFO - DAG(s) dict_keys(['my_dag']) retrieved from /opt/airflow/dags/my_dag.py
[2022-09-24 15:08:02,840] {logging_mixin.py:109} INFO - [2022-09-24 15:08:02,840] {dag.py:2396} INFO - Sync 1 DAGs
[2022-09-24 15:08:03,647] {logging_mixin.py:109} INFO - [2022-09-24 15:08:03,646] {dag.py:2935} INFO - Setting next_dagrun for my_dag to 2022-09-23T00:00:00+00:00
[2022-09-24 15:08:04,143] {processor.py:171} INFO - Processing /opt/airflow/dags/my_dag.py took 3.919 seconds
[2022-09-24 15:08:36,093] {processor.py:163} INFO - Started process (PID=164) to work on /opt/airflow/dags/my_dag.py
[2022-09-24 15:08:36,105] {processor.py:642} INFO - Processing file /opt/airflow/dags/my_dag.py for tasks to queue
[2022-09-24 15:08:36,243] {logging_mixin.py:109} INFO - [2022-09-24 15:08:36,242] {dagbag.py:500} INFO - Filling up the DagBag from /opt/airflow/dags/my_dag.py
[2022-09-24 15:08:37,924] {processor.py:654} INFO - DAG(s) dict_keys(['my_dag']) retrieved from /opt/airflow/dags/my_dag.py
[2022-09-24 15:08:59,859] {logging_mixin.py:109} INFO - [2022-09-24 15:08:59,858] {dag.py:2396} INFO - Sync 1 DAGs
[2022-09-24 15:12:37,297] {processor.py:163} INFO - Started process (PID=71) to work on /opt/airflow/dags/my_dag.py
[2022-09-24 15:12:37,345] {processor.py:642} INFO - Processing file /opt/airflow/dags/my_dag.py for tasks to queue
[2022-09-24 15:12:37,367] {logging_mixin.py:109} INFO - [2022-09-24 15:12:37,366] {dagbag.py:500} INFO - Filling up the DagBag from /opt/airflow/dags/my_dag.py
[2022-09-24 15:12:37,972] {processor.py:654} INFO - DAG(s) dict_keys(['my_dag']) retrieved from /opt/airflow/dags/my_dag.py
[2022-09-24 15:12:47,679] {logging_mixin.py:109} INFO - [2022-09-24 15:12:47,679] {dag.py:2396} INFO - Sync 1 DAGs
[2022-09-24 15:12:47,978] {logging_mixin.py:109} INFO - [2022-09-24 15:12:47,977] {dag.py:2935} INFO - Setting next_dagrun for my_dag to 2022-09-23T00:00:00+00:00
[2022-09-24 15:12:48,107] {processor.py:171} INFO - Processing /opt/airflow/dags/my_dag.py took 10.860 seconds
[2022-09-24 15:13:19,572] {processor.py:163} INFO - Started process (PID=96) to work on /opt/airflow/dags/my_dag.py
[2022-09-24 15:13:19,620] {processor.py:642} INFO - Processing file /opt/airflow/dags/my_dag.py for tasks to queue
[2022-09-24 15:13:19,654] {logging_mixin.py:109} INFO - [2022-09-24 15:13:19,654] {dagbag.py:500} INFO - Filling up the DagBag from /opt/airflow/dags/my_dag.py
[2022-09-24 15:13:21,038] {processor.py:654} INFO - DAG(s) dict_keys(['my_dag']) retrieved from /opt/airflow/dags/my_dag.py
[2022-09-24 15:13:21,085] {logging_mixin.py:109} INFO - [2022-09-24 15:13:21,085] {dag.py:2396} INFO - Sync 1 DAGs
[2022-09-24 15:13:21,412] {logging_mixin.py:109} INFO - [2022-09-24 15:13:21,409] {dag.py:2935} INFO - Setting next_dagrun for my_dag to 2022-09-23T00:00:00+00:00
[2022-09-24 15:13:21,595] {processor.py:171} INFO - Processing /opt/airflow/dags/my_dag.py took 2.117 seconds
[2022-09-24 15:13:52,544] {processor.py:163} INFO - Started process (PID=120) to work on /opt/airflow/dags/my_dag.py
[2022-09-24 15:13:52,592] {processor.py:642} INFO - Processing file /opt/airflow/dags/my_dag.py for tasks to queue
[2022-09-24 15:13:52,640] {logging_mixin.py:109} INFO - [2022-09-24 15:13:52,599] {dagbag.py:500} INFO - Filling up the DagBag from /opt/airflow/dags/my_dag.py
[2022-09-24 15:13:53,386] {processor.py:654} INFO - DAG(s) dict_keys(['my_dag']) retrieved from /opt/airflow/dags/my_dag.py
[2022-09-24 15:13:58,171] {logging_mixin.py:109} INFO - [2022-09-24 15:13:58,171] {dag.py:2396} INFO - Sync 1 DAGs
[2022-09-24 15:13:58,342] {logging_mixin.py:109} INFO - [2022-09-24 15:13:58,310] {dag.py:2935} INFO - Setting next_dagrun for my_dag to 2022-09-23T00:00:00+00:00
[2022-09-24 15:13:58,461] {processor.py:171} INFO - Processing /opt/airflow/dags/my_dag.py took 5.960 seconds
[2022-09-24 15:14:28,754] {processor.py:163} INFO - Started process (PID=135) to work on /opt/airflow/dags/my_dag.py
[2022-09-24 15:14:28,761] {processor.py:642} INFO - Processing file /opt/airflow/dags/my_dag.py for tasks to queue
[2022-09-24 15:14:28,763] {logging_mixin.py:109} INFO - [2022-09-24 15:14:28,762] {dagbag.py:500} INFO - Filling up the DagBag from /opt/airflow/dags/my_dag.py
[2022-09-24 15:14:28,862] {processor.py:654} INFO - DAG(s) dict_keys(['my_dag']) retrieved from /opt/airflow/dags/my_dag.py
[2022-09-24 15:14:28,887] {logging_mixin.py:109} INFO - [2022-09-24 15:14:28,886] {dag.py:2396} INFO - Sync 1 DAGs
[2022-09-24 15:14:28,932] {logging_mixin.py:109} INFO - [2022-09-24 15:14:28,932] {dag.py:2935} INFO - Setting next_dagrun for my_dag to 2022-09-23T00:00:00+00:00
[2022-09-24 15:14:28,954] {processor.py:171} INFO - Processing /opt/airflow/dags/my_dag.py took 0.228 seconds
[2022-09-24 15:14:59,737] {processor.py:163} INFO - Started process (PID=164) to work on /opt/airflow/dags/my_dag.py
[2022-09-24 15:14:59,753] {processor.py:642} INFO - Processing file /opt/airflow/dags/my_dag.py for tasks to queue
[2022-09-24 15:14:59,763] {logging_mixin.py:109} INFO - [2022-09-24 15:14:59,763] {dagbag.py:500} INFO - Filling up the DagBag from /opt/airflow/dags/my_dag.py
[2022-09-24 15:14:59,944] {processor.py:654} INFO - DAG(s) dict_keys(['my_dag']) retrieved from /opt/airflow/dags/my_dag.py
[2022-09-24 15:14:59,952] {logging_mixin.py:109} INFO - [2022-09-24 15:14:59,952] {dag.py:2396} INFO - Sync 1 DAGs
[2022-09-24 15:14:59,991] {logging_mixin.py:109} INFO - [2022-09-24 15:14:59,991] {dag.py:2935} INFO - Setting next_dagrun for my_dag to 2022-09-23T00:00:00+00:00
[2022-09-24 15:15:00,017] {processor.py:171} INFO - Processing /opt/airflow/dags/my_dag.py took 0.303 seconds
[2022-09-24 15:15:30,381] {processor.py:163} INFO - Started process (PID=190) to work on /opt/airflow/dags/my_dag.py
[2022-09-24 15:15:30,385] {processor.py:642} INFO - Processing file /opt/airflow/dags/my_dag.py for tasks to queue
[2022-09-24 15:15:30,389] {logging_mixin.py:109} INFO - [2022-09-24 15:15:30,388] {dagbag.py:500} INFO - Filling up the DagBag from /opt/airflow/dags/my_dag.py
[2022-09-24 15:15:30,475] {processor.py:654} INFO - DAG(s) dict_keys(['my_dag']) retrieved from /opt/airflow/dags/my_dag.py
[2022-09-24 15:15:31,241] {logging_mixin.py:109} INFO - [2022-09-24 15:15:31,240] {dag.py:2396} INFO - Sync 1 DAGs
[2022-09-24 15:15:31,324] {logging_mixin.py:109} INFO - [2022-09-24 15:15:31,323] {dag.py:2935} INFO - Setting next_dagrun for my_dag to 2022-09-23T00:00:00+00:00
[2022-09-24 15:15:31,379] {processor.py:171} INFO - Processing /opt/airflow/dags/my_dag.py took 1.008 seconds
[2022-09-24 15:16:02,310] {processor.py:163} INFO - Started process (PID=214) to work on /opt/airflow/dags/my_dag.py
[2022-09-24 15:16:02,334] {processor.py:642} INFO - Processing file /opt/airflow/dags/my_dag.py for tasks to queue
[2022-09-24 15:16:02,343] {logging_mixin.py:109} INFO - [2022-09-24 15:16:02,343] {dagbag.py:500} INFO - Filling up the DagBag from /opt/airflow/dags/my_dag.py
[2022-09-24 15:16:02,595] {processor.py:654} INFO - DAG(s) dict_keys(['my_dag']) retrieved from /opt/airflow/dags/my_dag.py
[2022-09-24 15:16:02,620] {logging_mixin.py:109} INFO - [2022-09-24 15:16:02,619] {dag.py:2396} INFO - Sync 1 DAGs
[2022-09-24 15:16:02,656] {logging_mixin.py:109} INFO - [2022-09-24 15:16:02,656] {dag.py:2935} INFO - Setting next_dagrun for my_dag to 2022-09-23T00:00:00+00:00
[2022-09-24 15:16:02,678] {processor.py:171} INFO - Processing /opt/airflow/dags/my_dag.py took 0.377 seconds
[2022-09-24 15:16:32,955] {processor.py:163} INFO - Started process (PID=229) to work on /opt/airflow/dags/my_dag.py
[2022-09-24 15:16:32,958] {processor.py:642} INFO - Processing file /opt/airflow/dags/my_dag.py for tasks to queue
[2022-09-24 15:16:32,959] {logging_mixin.py:109} INFO - [2022-09-24 15:16:32,959] {dagbag.py:500} INFO - Filling up the DagBag from /opt/airflow/dags/my_dag.py
[2022-09-24 15:16:33,072] {processor.py:654} INFO - DAG(s) dict_keys(['my_dag']) retrieved from /opt/airflow/dags/my_dag.py
[2022-09-24 15:16:33,080] {logging_mixin.py:109} INFO - [2022-09-24 15:16:33,080] {dag.py:2396} INFO - Sync 1 DAGs
[2022-09-24 15:16:33,115] {logging_mixin.py:109} INFO - [2022-09-24 15:16:33,115] {dag.py:2935} INFO - Setting next_dagrun for my_dag to 2022-09-23T00:00:00+00:00
[2022-09-24 15:16:33,137] {processor.py:171} INFO - Processing /opt/airflow/dags/my_dag.py took 0.189 seconds
[2022-09-24 15:17:03,554] {processor.py:163} INFO - Started process (PID=253) to work on /opt/airflow/dags/my_dag.py
[2022-09-24 15:17:03,560] {processor.py:642} INFO - Processing file /opt/airflow/dags/my_dag.py for tasks to queue
[2022-09-24 15:17:03,567] {logging_mixin.py:109} INFO - [2022-09-24 15:17:03,567] {dagbag.py:500} INFO - Filling up the DagBag from /opt/airflow/dags/my_dag.py
[2022-09-24 15:17:04,447] {processor.py:654} INFO - DAG(s) dict_keys(['my_dag']) retrieved from /opt/airflow/dags/my_dag.py
[2022-09-24 15:17:08,687] {logging_mixin.py:109} INFO - [2022-09-24 15:17:08,687] {dag.py:2396} INFO - Sync 1 DAGs
[2022-09-24 15:17:08,872] {logging_mixin.py:109} INFO - [2022-09-24 15:17:08,872] {dag.py:2935} INFO - Setting next_dagrun for my_dag to 2022-09-23T00:00:00+00:00
[2022-09-24 15:17:08,989] {processor.py:171} INFO - Processing /opt/airflow/dags/my_dag.py took 5.475 seconds
[2022-09-24 15:17:47,532] {processor.py:163} INFO - Started process (PID=277) to work on /opt/airflow/dags/my_dag.py
[2022-09-24 15:17:47,574] {processor.py:642} INFO - Processing file /opt/airflow/dags/my_dag.py for tasks to queue
[2022-09-24 15:17:47,595] {logging_mixin.py:109} INFO - [2022-09-24 15:17:47,594] {dagbag.py:500} INFO - Filling up the DagBag from /opt/airflow/dags/my_dag.py
[2022-09-24 15:17:48,719] {processor.py:654} INFO - DAG(s) dict_keys(['my_dag']) retrieved from /opt/airflow/dags/my_dag.py
[2022-09-24 15:17:49,065] {logging_mixin.py:109} INFO - [2022-09-24 15:17:49,065] {dag.py:2396} INFO - Sync 1 DAGs
[2022-09-24 15:17:49,872] {logging_mixin.py:109} INFO - [2022-09-24 15:17:49,774] {dag.py:2935} INFO - Setting next_dagrun for my_dag to 2022-09-23T00:00:00+00:00
[2022-09-24 15:17:50,244] {processor.py:171} INFO - Processing /opt/airflow/dags/my_dag.py took 2.718 seconds
[2022-09-24 15:18:20,365] {processor.py:163} INFO - Started process (PID=301) to work on /opt/airflow/dags/my_dag.py
[2022-09-24 15:18:20,383] {processor.py:642} INFO - Processing file /opt/airflow/dags/my_dag.py for tasks to queue
[2022-09-24 15:18:20,385] {logging_mixin.py:109} INFO - [2022-09-24 15:18:20,385] {dagbag.py:500} INFO - Filling up the DagBag from /opt/airflow/dags/my_dag.py
[2022-09-24 15:18:20,562] {processor.py:654} INFO - DAG(s) dict_keys(['my_dag']) retrieved from /opt/airflow/dags/my_dag.py
[2022-09-24 15:18:20,570] {logging_mixin.py:109} INFO - [2022-09-24 15:18:20,570] {dag.py:2396} INFO - Sync 1 DAGs
[2022-09-24 15:18:20,631] {logging_mixin.py:109} INFO - [2022-09-24 15:18:20,631] {dag.py:2935} INFO - Setting next_dagrun for my_dag to 2022-09-23T00:00:00+00:00
[2022-09-24 15:18:20,687] {processor.py:171} INFO - Processing /opt/airflow/dags/my_dag.py took 0.330 seconds
[2022-09-24 15:18:50,835] {processor.py:163} INFO - Started process (PID=316) to work on /opt/airflow/dags/my_dag.py
[2022-09-24 15:18:50,838] {processor.py:642} INFO - Processing file /opt/airflow/dags/my_dag.py for tasks to queue
[2022-09-24 15:18:50,840] {logging_mixin.py:109} INFO - [2022-09-24 15:18:50,840] {dagbag.py:500} INFO - Filling up the DagBag from /opt/airflow/dags/my_dag.py
[2022-09-24 15:18:50,941] {processor.py:654} INFO - DAG(s) dict_keys(['my_dag']) retrieved from /opt/airflow/dags/my_dag.py
[2022-09-24 15:18:51,510] {logging_mixin.py:109} INFO - [2022-09-24 15:18:51,510] {dag.py:2396} INFO - Sync 1 DAGs
[2022-09-24 15:18:51,573] {logging_mixin.py:109} INFO - [2022-09-24 15:18:51,573] {dag.py:2935} INFO - Setting next_dagrun for my_dag to 2022-09-23T00:00:00+00:00
[2022-09-24 15:18:51,603] {processor.py:171} INFO - Processing /opt/airflow/dags/my_dag.py took 0.776 seconds
[2022-09-24 15:19:21,913] {processor.py:163} INFO - Started process (PID=340) to work on /opt/airflow/dags/my_dag.py
[2022-09-24 15:19:21,919] {processor.py:642} INFO - Processing file /opt/airflow/dags/my_dag.py for tasks to queue
[2022-09-24 15:19:21,922] {logging_mixin.py:109} INFO - [2022-09-24 15:19:21,922] {dagbag.py:500} INFO - Filling up the DagBag from /opt/airflow/dags/my_dag.py
[2022-09-24 15:19:22,519] {processor.py:654} INFO - DAG(s) dict_keys(['my_dag']) retrieved from /opt/airflow/dags/my_dag.py
[2022-09-24 15:19:22,689] {logging_mixin.py:109} INFO - [2022-09-24 15:19:22,689] {dag.py:2396} INFO - Sync 1 DAGs
[2022-09-24 15:19:22,995] {logging_mixin.py:109} INFO - [2022-09-24 15:19:22,995] {dag.py:2935} INFO - Setting next_dagrun for my_dag to 2022-09-23T00:00:00+00:00
[2022-09-24 15:19:23,965] {processor.py:171} INFO - Processing /opt/airflow/dags/my_dag.py took 2.072 seconds
[2022-09-24 15:19:55,021] {processor.py:163} INFO - Started process (PID=364) to work on /opt/airflow/dags/my_dag.py
[2022-09-24 15:19:55,025] {processor.py:642} INFO - Processing file /opt/airflow/dags/my_dag.py for tasks to queue
[2022-09-24 15:19:55,042] {logging_mixin.py:109} INFO - [2022-09-24 15:19:55,042] {dagbag.py:500} INFO - Filling up the DagBag from /opt/airflow/dags/my_dag.py
[2022-09-24 15:19:55,404] {processor.py:654} INFO - DAG(s) dict_keys(['my_dag']) retrieved from /opt/airflow/dags/my_dag.py
[2022-09-24 15:19:55,488] {logging_mixin.py:109} INFO - [2022-09-24 15:19:55,488] {dag.py:2396} INFO - Sync 1 DAGs
[2022-09-24 15:19:55,769] {logging_mixin.py:109} INFO - [2022-09-24 15:19:55,769] {dag.py:2935} INFO - Setting next_dagrun for my_dag to 2022-09-23T00:00:00+00:00
[2022-09-24 15:19:55,881] {processor.py:171} INFO - Processing /opt/airflow/dags/my_dag.py took 0.894 seconds
[2022-09-24 15:20:26,604] {processor.py:163} INFO - Started process (PID=387) to work on /opt/airflow/dags/my_dag.py
[2022-09-24 15:20:26,614] {processor.py:642} INFO - Processing file /opt/airflow/dags/my_dag.py for tasks to queue
[2022-09-24 15:20:26,618] {logging_mixin.py:109} INFO - [2022-09-24 15:20:26,617] {dagbag.py:500} INFO - Filling up the DagBag from /opt/airflow/dags/my_dag.py
[2022-09-24 15:20:26,762] {processor.py:654} INFO - DAG(s) dict_keys(['my_dag']) retrieved from /opt/airflow/dags/my_dag.py
[2022-09-24 15:20:28,634] {logging_mixin.py:109} INFO - [2022-09-24 15:20:28,632] {dag.py:2396} INFO - Sync 1 DAGs
[2022-09-24 15:20:28,672] {logging_mixin.py:109} INFO - [2022-09-24 15:20:28,672] {dag.py:2935} INFO - Setting next_dagrun for my_dag to 2022-09-23T00:00:00+00:00
[2022-09-24 15:20:28,703] {processor.py:171} INFO - Processing /opt/airflow/dags/my_dag.py took 2.108 seconds
[2022-09-24 15:20:59,386] {processor.py:163} INFO - Started process (PID=412) to work on /opt/airflow/dags/my_dag.py
[2022-09-24 15:20:59,413] {processor.py:642} INFO - Processing file /opt/airflow/dags/my_dag.py for tasks to queue
[2022-09-24 15:20:59,415] {logging_mixin.py:109} INFO - [2022-09-24 15:20:59,415] {dagbag.py:500} INFO - Filling up the DagBag from /opt/airflow/dags/my_dag.py
[2022-09-24 15:20:59,560] {processor.py:654} INFO - DAG(s) dict_keys(['my_dag']) retrieved from /opt/airflow/dags/my_dag.py
[2022-09-24 15:20:59,582] {logging_mixin.py:109} INFO - [2022-09-24 15:20:59,582] {dag.py:2396} INFO - Sync 1 DAGs
[2022-09-24 15:20:59,816] {logging_mixin.py:109} INFO - [2022-09-24 15:20:59,816] {dag.py:2935} INFO - Setting next_dagrun for my_dag to 2022-09-23T00:00:00+00:00
[2022-09-24 15:21:00,227] {processor.py:171} INFO - Processing /opt/airflow/dags/my_dag.py took 0.859 seconds
[2022-09-24 15:21:30,556] {processor.py:163} INFO - Started process (PID=427) to work on /opt/airflow/dags/my_dag.py
[2022-09-24 15:21:30,559] {processor.py:642} INFO - Processing file /opt/airflow/dags/my_dag.py for tasks to queue
[2022-09-24 15:21:30,561] {logging_mixin.py:109} INFO - [2022-09-24 15:21:30,561] {dagbag.py:500} INFO - Filling up the DagBag from /opt/airflow/dags/my_dag.py
[2022-09-24 15:21:30,656] {processor.py:654} INFO - DAG(s) dict_keys(['my_dag']) retrieved from /opt/airflow/dags/my_dag.py
[2022-09-24 15:21:30,664] {logging_mixin.py:109} INFO - [2022-09-24 15:21:30,664] {dag.py:2396} INFO - Sync 1 DAGs
[2022-09-24 15:21:30,701] {logging_mixin.py:109} INFO - [2022-09-24 15:21:30,701] {dag.py:2935} INFO - Setting next_dagrun for my_dag to 2022-09-23T00:00:00+00:00
[2022-09-24 15:21:30,723] {processor.py:171} INFO - Processing /opt/airflow/dags/my_dag.py took 0.177 seconds
[2022-09-24 15:22:00,810] {processor.py:163} INFO - Started process (PID=450) to work on /opt/airflow/dags/my_dag.py
[2022-09-24 15:22:00,824] {processor.py:642} INFO - Processing file /opt/airflow/dags/my_dag.py for tasks to queue
[2022-09-24 15:22:00,828] {logging_mixin.py:109} INFO - [2022-09-24 15:22:00,828] {dagbag.py:500} INFO - Filling up the DagBag from /opt/airflow/dags/my_dag.py
[2022-09-24 15:22:01,003] {processor.py:654} INFO - DAG(s) dict_keys(['my_dag']) retrieved from /opt/airflow/dags/my_dag.py
[2022-09-24 15:22:03,161] {logging_mixin.py:109} INFO - [2022-09-24 15:22:03,161] {dag.py:2396} INFO - Sync 1 DAGs
[2022-09-24 15:22:03,262] {logging_mixin.py:109} INFO - [2022-09-24 15:22:03,262] {dag.py:2935} INFO - Setting next_dagrun for my_dag to 2022-09-23T00:00:00+00:00
[2022-09-24 15:22:03,425] {processor.py:171} INFO - Processing /opt/airflow/dags/my_dag.py took 2.622 seconds
[2022-09-24 15:22:56,112] {processor.py:163} INFO - Started process (PID=478) to work on /opt/airflow/dags/my_dag.py
[2022-09-24 15:22:56,187] {processor.py:642} INFO - Processing file /opt/airflow/dags/my_dag.py for tasks to queue
[2022-09-24 15:22:56,384] {logging_mixin.py:109} INFO - [2022-09-24 15:22:56,384] {dagbag.py:500} INFO - Filling up the DagBag from /opt/airflow/dags/my_dag.py
[2022-09-24 15:23:04,309] {processor.py:654} INFO - DAG(s) dict_keys(['my_dag']) retrieved from /opt/airflow/dags/my_dag.py
[2022-09-24 15:23:04,665] {logging_mixin.py:109} INFO - [2022-09-24 15:23:04,664] {dag.py:2396} INFO - Sync 1 DAGs
[2022-09-24 15:23:05,212] {logging_mixin.py:109} INFO - [2022-09-24 15:23:05,212] {dag.py:2935} INFO - Setting next_dagrun for my_dag to 2022-09-23T00:00:00+00:00
[2022-09-24 15:23:05,818] {processor.py:171} INFO - Processing /opt/airflow/dags/my_dag.py took 9.834 seconds
[2022-09-24 15:23:38,433] {processor.py:163} INFO - Started process (PID=501) to work on /opt/airflow/dags/my_dag.py
[2022-09-24 15:23:38,501] {processor.py:642} INFO - Processing file /opt/airflow/dags/my_dag.py for tasks to queue
[2022-09-24 15:23:38,534] {logging_mixin.py:109} INFO - [2022-09-24 15:23:38,533] {dagbag.py:500} INFO - Filling up the DagBag from /opt/airflow/dags/my_dag.py
[2022-09-24 15:23:41,147] {processor.py:654} INFO - DAG(s) dict_keys(['my_dag']) retrieved from /opt/airflow/dags/my_dag.py
[2022-09-24 15:23:58,101] {logging_mixin.py:109} INFO - [2022-09-24 15:23:58,101] {dag.py:2396} INFO - Sync 1 DAGs
[2022-09-24 15:23:59,544] {logging_mixin.py:109} INFO - [2022-09-24 15:23:59,504] {dag.py:2935} INFO - Setting next_dagrun for my_dag to 2022-09-23T00:00:00+00:00
[2022-09-24 15:24:00,314] {processor.py:171} INFO - Processing /opt/airflow/dags/my_dag.py took 22.747 seconds
[2022-09-24 15:24:54,148] {processor.py:163} INFO - Started process (PID=538) to work on /opt/airflow/dags/my_dag.py
[2022-09-24 15:24:54,212] {processor.py:642} INFO - Processing file /opt/airflow/dags/my_dag.py for tasks to queue
[2022-09-24 15:24:54,310] {logging_mixin.py:109} INFO - [2022-09-24 15:24:54,309] {dagbag.py:500} INFO - Filling up the DagBag from /opt/airflow/dags/my_dag.py
[2022-09-24 15:24:57,351] {processor.py:654} INFO - DAG(s) dict_keys(['my_dag']) retrieved from /opt/airflow/dags/my_dag.py
[2022-09-24 15:24:57,823] {logging_mixin.py:109} INFO - [2022-09-24 15:24:57,823] {dag.py:2396} INFO - Sync 1 DAGs
[2022-09-24 15:24:58,592] {logging_mixin.py:109} INFO - [2022-09-24 15:24:58,592] {dag.py:2935} INFO - Setting next_dagrun for my_dag to 2022-09-23T00:00:00+00:00
[2022-09-24 15:24:59,010] {processor.py:171} INFO - Processing /opt/airflow/dags/my_dag.py took 5.658 seconds
[2022-09-24 15:25:30,965] {processor.py:163} INFO - Started process (PID=560) to work on /opt/airflow/dags/my_dag.py
[2022-09-24 15:25:31,050] {processor.py:642} INFO - Processing file /opt/airflow/dags/my_dag.py for tasks to queue
[2022-09-24 15:25:31,097] {logging_mixin.py:109} INFO - [2022-09-24 15:25:31,095] {dagbag.py:500} INFO - Filling up the DagBag from /opt/airflow/dags/my_dag.py
[2022-09-24 15:25:32,008] {processor.py:654} INFO - DAG(s) dict_keys(['my_dag']) retrieved from /opt/airflow/dags/my_dag.py
[2022-09-24 15:25:41,841] {logging_mixin.py:109} INFO - [2022-09-24 15:25:41,841] {dag.py:2396} INFO - Sync 1 DAGs
[2022-09-24 15:25:42,188] {logging_mixin.py:109} INFO - [2022-09-24 15:25:42,187] {dag.py:2935} INFO - Setting next_dagrun for my_dag to 2022-09-23T00:00:00+00:00
[2022-09-24 15:25:42,430] {processor.py:171} INFO - Processing /opt/airflow/dags/my_dag.py took 11.593 seconds
[2022-09-24 15:26:12,828] {processor.py:163} INFO - Started process (PID=584) to work on /opt/airflow/dags/my_dag.py
[2022-09-24 15:26:12,840] {processor.py:642} INFO - Processing file /opt/airflow/dags/my_dag.py for tasks to queue
[2022-09-24 15:26:12,898] {logging_mixin.py:109} INFO - [2022-09-24 15:26:12,898] {dagbag.py:500} INFO - Filling up the DagBag from /opt/airflow/dags/my_dag.py
[2022-09-24 15:26:13,438] {processor.py:654} INFO - DAG(s) dict_keys(['my_dag']) retrieved from /opt/airflow/dags/my_dag.py
[2022-09-24 15:26:13,660] {logging_mixin.py:109} INFO - [2022-09-24 15:26:13,660] {dag.py:2396} INFO - Sync 1 DAGs
[2022-09-24 15:26:14,691] {logging_mixin.py:109} INFO - [2022-09-24 15:26:14,691] {dag.py:2935} INFO - Setting next_dagrun for my_dag to 2022-09-23T00:00:00+00:00
[2022-09-24 15:26:15,133] {processor.py:171} INFO - Processing /opt/airflow/dags/my_dag.py took 2.385 seconds
[2022-09-24 15:26:45,649] {processor.py:163} INFO - Started process (PID=605) to work on /opt/airflow/dags/my_dag.py
[2022-09-24 15:26:45,657] {processor.py:642} INFO - Processing file /opt/airflow/dags/my_dag.py for tasks to queue
[2022-09-24 15:26:45,678] {logging_mixin.py:109} INFO - [2022-09-24 15:26:45,678] {dagbag.py:500} INFO - Filling up the DagBag from /opt/airflow/dags/my_dag.py
[2022-09-24 15:26:46,229] {processor.py:654} INFO - DAG(s) dict_keys(['my_dag']) retrieved from /opt/airflow/dags/my_dag.py
[2022-09-24 15:26:49,803] {logging_mixin.py:109} INFO - [2022-09-24 15:26:49,803] {dag.py:2396} INFO - Sync 1 DAGs
[2022-09-24 15:26:49,889] {logging_mixin.py:109} INFO - [2022-09-24 15:26:49,889] {dag.py:2935} INFO - Setting next_dagrun for my_dag to 2022-09-23T00:00:00+00:00
[2022-09-24 15:26:49,956] {processor.py:171} INFO - Processing /opt/airflow/dags/my_dag.py took 4.325 seconds
[2022-09-24 15:27:21,506] {processor.py:163} INFO - Started process (PID=630) to work on /opt/airflow/dags/my_dag.py
[2022-09-24 15:27:21,521] {processor.py:642} INFO - Processing file /opt/airflow/dags/my_dag.py for tasks to queue
[2022-09-24 15:27:21,536] {logging_mixin.py:109} INFO - [2022-09-24 15:27:21,535] {dagbag.py:500} INFO - Filling up the DagBag from /opt/airflow/dags/my_dag.py
[2022-09-24 15:27:21,980] {processor.py:654} INFO - DAG(s) dict_keys(['my_dag']) retrieved from /opt/airflow/dags/my_dag.py
[2022-09-24 15:27:22,030] {logging_mixin.py:109} INFO - [2022-09-24 15:27:22,030] {dag.py:2396} INFO - Sync 1 DAGs
[2022-09-24 15:27:22,098] {logging_mixin.py:109} INFO - [2022-09-24 15:27:22,098] {dag.py:2935} INFO - Setting next_dagrun for my_dag to 2022-09-23T00:00:00+00:00
[2022-09-24 15:27:22,331] {processor.py:171} INFO - Processing /opt/airflow/dags/my_dag.py took 0.891 seconds
[2022-09-24 15:27:52,688] {processor.py:163} INFO - Started process (PID=642) to work on /opt/airflow/dags/my_dag.py
[2022-09-24 15:27:52,691] {processor.py:642} INFO - Processing file /opt/airflow/dags/my_dag.py for tasks to queue
[2022-09-24 15:27:52,692] {logging_mixin.py:109} INFO - [2022-09-24 15:27:52,692] {dagbag.py:500} INFO - Filling up the DagBag from /opt/airflow/dags/my_dag.py
[2022-09-24 15:27:52,771] {processor.py:654} INFO - DAG(s) dict_keys(['my_dag']) retrieved from /opt/airflow/dags/my_dag.py
[2022-09-24 15:27:52,792] {logging_mixin.py:109} INFO - [2022-09-24 15:27:52,792] {dag.py:2396} INFO - Sync 1 DAGs
[2022-09-24 15:27:52,831] {logging_mixin.py:109} INFO - [2022-09-24 15:27:52,831] {dag.py:2935} INFO - Setting next_dagrun for my_dag to 2022-09-23T00:00:00+00:00
[2022-09-24 15:27:52,860] {processor.py:171} INFO - Processing /opt/airflow/dags/my_dag.py took 0.180 seconds
[2022-09-24 15:28:23,255] {processor.py:163} INFO - Started process (PID=665) to work on /opt/airflow/dags/my_dag.py
[2022-09-24 15:28:23,324] {processor.py:642} INFO - Processing file /opt/airflow/dags/my_dag.py for tasks to queue
[2022-09-24 15:28:23,329] {logging_mixin.py:109} INFO - [2022-09-24 15:28:23,328] {dagbag.py:500} INFO - Filling up the DagBag from /opt/airflow/dags/my_dag.py
[2022-09-24 15:28:23,706] {processor.py:654} INFO - DAG(s) dict_keys(['my_dag']) retrieved from /opt/airflow/dags/my_dag.py
[2022-09-24 15:28:23,884] {logging_mixin.py:109} INFO - [2022-09-24 15:28:23,884] {dag.py:2396} INFO - Sync 1 DAGs
[2022-09-24 15:28:24,333] {logging_mixin.py:109} INFO - [2022-09-24 15:28:24,332] {dag.py:2935} INFO - Setting next_dagrun for my_dag to 2022-09-23T00:00:00+00:00
[2022-09-24 15:28:24,524] {processor.py:171} INFO - Processing /opt/airflow/dags/my_dag.py took 1.288 seconds
[2022-09-24 15:28:55,390] {processor.py:163} INFO - Started process (PID=686) to work on /opt/airflow/dags/my_dag.py
[2022-09-24 15:28:55,426] {processor.py:642} INFO - Processing file /opt/airflow/dags/my_dag.py for tasks to queue
[2022-09-24 15:28:55,447] {logging_mixin.py:109} INFO - [2022-09-24 15:28:55,433] {dagbag.py:500} INFO - Filling up the DagBag from /opt/airflow/dags/my_dag.py
[2022-09-24 15:28:55,794] {processor.py:654} INFO - DAG(s) dict_keys(['my_dag']) retrieved from /opt/airflow/dags/my_dag.py
[2022-09-24 15:28:55,872] {logging_mixin.py:109} INFO - [2022-09-24 15:28:55,862] {dag.py:2396} INFO - Sync 1 DAGs
[2022-09-24 15:28:55,998] {logging_mixin.py:109} INFO - [2022-09-24 15:28:55,998] {dag.py:2935} INFO - Setting next_dagrun for my_dag to 2022-09-23T00:00:00+00:00
[2022-09-24 15:28:56,179] {processor.py:171} INFO - Processing /opt/airflow/dags/my_dag.py took 0.828 seconds
[2022-09-24 15:29:27,471] {processor.py:163} INFO - Started process (PID=699) to work on /opt/airflow/dags/my_dag.py
[2022-09-24 15:29:27,474] {processor.py:642} INFO - Processing file /opt/airflow/dags/my_dag.py for tasks to queue
[2022-09-24 15:29:27,476] {logging_mixin.py:109} INFO - [2022-09-24 15:29:27,476] {dagbag.py:500} INFO - Filling up the DagBag from /opt/airflow/dags/my_dag.py
[2022-09-24 15:29:27,562] {processor.py:654} INFO - DAG(s) dict_keys(['my_dag']) retrieved from /opt/airflow/dags/my_dag.py
[2022-09-24 15:29:27,585] {logging_mixin.py:109} INFO - [2022-09-24 15:29:27,584] {dag.py:2396} INFO - Sync 1 DAGs
[2022-09-24 15:29:27,624] {logging_mixin.py:109} INFO - [2022-09-24 15:29:27,624] {dag.py:2935} INFO - Setting next_dagrun for my_dag to 2022-09-23T00:00:00+00:00
[2022-09-24 15:29:27,649] {processor.py:171} INFO - Processing /opt/airflow/dags/my_dag.py took 0.191 seconds
