[2022-09-24 15:08:00,270] {processor.py:163} INFO - Started process (PID=148) to work on /opt/airflow/dags/task2_xcom_dag.py
[2022-09-24 15:08:00,585] {processor.py:642} INFO - Processing file /opt/airflow/dags/task2_xcom_dag.py for tasks to queue
[2022-09-24 15:08:00,614] {logging_mixin.py:109} INFO - [2022-09-24 15:08:00,612] {dagbag.py:500} INFO - Filling up the DagBag from /opt/airflow/dags/task2_xcom_dag.py
[2022-09-24 15:08:02,340] {processor.py:654} INFO - DAG(s) dict_keys(['my_dag']) retrieved from /opt/airflow/dags/task2_xcom_dag.py
[2022-09-24 15:08:30,945] {logging_mixin.py:109} INFO - [2022-09-24 15:08:30,944] {dag.py:2396} INFO - Sync 1 DAGs
[2022-09-24 15:08:31,341] {logging_mixin.py:109} INFO - [2022-09-24 15:08:31,340] {dag.py:2935} INFO - Setting next_dagrun for my_dag to 2022-09-23T00:00:00+00:00
[2022-09-24 15:08:31,808] {processor.py:171} INFO - Processing /opt/airflow/dags/task2_xcom_dag.py took 31.530 seconds
[2022-09-24 15:12:36,859] {processor.py:163} INFO - Started process (PID=70) to work on /opt/airflow/dags/task2_xcom_dag.py
[2022-09-24 15:12:37,052] {processor.py:642} INFO - Processing file /opt/airflow/dags/task2_xcom_dag.py for tasks to queue
[2022-09-24 15:12:37,054] {logging_mixin.py:109} INFO - [2022-09-24 15:12:37,054] {dagbag.py:500} INFO - Filling up the DagBag from /opt/airflow/dags/task2_xcom_dag.py
[2022-09-24 15:12:37,854] {processor.py:654} INFO - DAG(s) dict_keys(['my_dag']) retrieved from /opt/airflow/dags/task2_xcom_dag.py
[2022-09-24 15:12:37,992] {logging_mixin.py:109} INFO - [2022-09-24 15:12:37,992] {dag.py:2396} INFO - Sync 1 DAGs
[2022-09-24 15:12:38,200] {logging_mixin.py:109} INFO - [2022-09-24 15:12:38,200] {dag.py:2935} INFO - Setting next_dagrun for my_dag to 2022-09-23T00:00:00+00:00
[2022-09-24 15:12:38,345] {processor.py:171} INFO - Processing /opt/airflow/dags/task2_xcom_dag.py took 1.493 seconds
[2022-09-24 15:13:08,962] {processor.py:163} INFO - Started process (PID=90) to work on /opt/airflow/dags/task2_xcom_dag.py
[2022-09-24 15:13:09,045] {processor.py:642} INFO - Processing file /opt/airflow/dags/task2_xcom_dag.py for tasks to queue
[2022-09-24 15:13:09,064] {logging_mixin.py:109} INFO - [2022-09-24 15:13:09,064] {dagbag.py:500} INFO - Filling up the DagBag from /opt/airflow/dags/task2_xcom_dag.py
[2022-09-24 15:13:09,754] {processor.py:654} INFO - DAG(s) dict_keys(['my_dag']) retrieved from /opt/airflow/dags/task2_xcom_dag.py
[2022-09-24 15:13:15,605] {logging_mixin.py:109} INFO - [2022-09-24 15:13:15,604] {dag.py:2396} INFO - Sync 1 DAGs
[2022-09-24 15:13:15,777] {logging_mixin.py:109} INFO - [2022-09-24 15:13:15,777] {dag.py:2935} INFO - Setting next_dagrun for my_dag to 2022-09-23T00:00:00+00:00
[2022-09-24 15:13:15,929] {processor.py:171} INFO - Processing /opt/airflow/dags/task2_xcom_dag.py took 7.017 seconds
[2022-09-24 15:13:46,878] {processor.py:163} INFO - Started process (PID=109) to work on /opt/airflow/dags/task2_xcom_dag.py
[2022-09-24 15:13:46,947] {processor.py:642} INFO - Processing file /opt/airflow/dags/task2_xcom_dag.py for tasks to queue
[2022-09-24 15:13:46,950] {logging_mixin.py:109} INFO - [2022-09-24 15:13:46,950] {dagbag.py:500} INFO - Filling up the DagBag from /opt/airflow/dags/task2_xcom_dag.py
[2022-09-24 15:13:47,551] {processor.py:654} INFO - DAG(s) dict_keys(['my_dag']) retrieved from /opt/airflow/dags/task2_xcom_dag.py
[2022-09-24 15:13:47,718] {logging_mixin.py:109} INFO - [2022-09-24 15:13:47,714] {dag.py:2396} INFO - Sync 1 DAGs
[2022-09-24 15:13:47,984] {logging_mixin.py:109} INFO - [2022-09-24 15:13:47,984] {dag.py:2935} INFO - Setting next_dagrun for my_dag to 2022-09-23T00:00:00+00:00
[2022-09-24 15:13:48,225] {processor.py:171} INFO - Processing /opt/airflow/dags/task2_xcom_dag.py took 1.388 seconds
[2022-09-24 15:14:18,529] {processor.py:163} INFO - Started process (PID=131) to work on /opt/airflow/dags/task2_xcom_dag.py
[2022-09-24 15:14:18,544] {processor.py:642} INFO - Processing file /opt/airflow/dags/task2_xcom_dag.py for tasks to queue
[2022-09-24 15:14:18,549] {logging_mixin.py:109} INFO - [2022-09-24 15:14:18,549] {dagbag.py:500} INFO - Filling up the DagBag from /opt/airflow/dags/task2_xcom_dag.py
[2022-09-24 15:14:18,777] {processor.py:654} INFO - DAG(s) dict_keys(['my_dag']) retrieved from /opt/airflow/dags/task2_xcom_dag.py
[2022-09-24 15:14:18,806] {logging_mixin.py:109} INFO - [2022-09-24 15:14:18,805] {dag.py:2396} INFO - Sync 1 DAGs
[2022-09-24 15:14:18,915] {logging_mixin.py:109} INFO - [2022-09-24 15:14:18,915] {dag.py:2935} INFO - Setting next_dagrun for my_dag to 2022-09-23T00:00:00+00:00
[2022-09-24 15:14:18,973] {processor.py:171} INFO - Processing /opt/airflow/dags/task2_xcom_dag.py took 0.452 seconds
[2022-09-24 15:14:49,336] {processor.py:163} INFO - Started process (PID=154) to work on /opt/airflow/dags/task2_xcom_dag.py
[2022-09-24 15:14:49,342] {processor.py:642} INFO - Processing file /opt/airflow/dags/task2_xcom_dag.py for tasks to queue
[2022-09-24 15:14:49,344] {logging_mixin.py:109} INFO - [2022-09-24 15:14:49,344] {dagbag.py:500} INFO - Filling up the DagBag from /opt/airflow/dags/task2_xcom_dag.py
[2022-09-24 15:14:49,425] {processor.py:654} INFO - DAG(s) dict_keys(['my_dag']) retrieved from /opt/airflow/dags/task2_xcom_dag.py
[2022-09-24 15:14:50,434] {logging_mixin.py:109} INFO - [2022-09-24 15:14:50,434] {dag.py:2396} INFO - Sync 1 DAGs
[2022-09-24 15:14:50,493] {logging_mixin.py:109} INFO - [2022-09-24 15:14:50,493] {dag.py:2935} INFO - Setting next_dagrun for my_dag to 2022-09-23T00:00:00+00:00
[2022-09-24 15:14:50,529] {processor.py:171} INFO - Processing /opt/airflow/dags/task2_xcom_dag.py took 1.206 seconds
[2022-09-24 15:15:20,870] {processor.py:163} INFO - Started process (PID=179) to work on /opt/airflow/dags/task2_xcom_dag.py
[2022-09-24 15:15:20,873] {processor.py:642} INFO - Processing file /opt/airflow/dags/task2_xcom_dag.py for tasks to queue
[2022-09-24 15:15:20,880] {logging_mixin.py:109} INFO - [2022-09-24 15:15:20,879] {dagbag.py:500} INFO - Filling up the DagBag from /opt/airflow/dags/task2_xcom_dag.py
[2022-09-24 15:15:21,052] {processor.py:654} INFO - DAG(s) dict_keys(['my_dag']) retrieved from /opt/airflow/dags/task2_xcom_dag.py
[2022-09-24 15:15:21,092] {logging_mixin.py:109} INFO - [2022-09-24 15:15:21,092] {dag.py:2396} INFO - Sync 1 DAGs
[2022-09-24 15:15:21,156] {logging_mixin.py:109} INFO - [2022-09-24 15:15:21,156] {dag.py:2935} INFO - Setting next_dagrun for my_dag to 2022-09-23T00:00:00+00:00
[2022-09-24 15:15:21,180] {processor.py:171} INFO - Processing /opt/airflow/dags/task2_xcom_dag.py took 0.338 seconds
[2022-09-24 15:15:51,798] {processor.py:163} INFO - Started process (PID=204) to work on /opt/airflow/dags/task2_xcom_dag.py
[2022-09-24 15:15:51,804] {processor.py:642} INFO - Processing file /opt/airflow/dags/task2_xcom_dag.py for tasks to queue
[2022-09-24 15:15:51,805] {logging_mixin.py:109} INFO - [2022-09-24 15:15:51,805] {dagbag.py:500} INFO - Filling up the DagBag from /opt/airflow/dags/task2_xcom_dag.py
[2022-09-24 15:15:51,891] {processor.py:654} INFO - DAG(s) dict_keys(['my_dag']) retrieved from /opt/airflow/dags/task2_xcom_dag.py
[2022-09-24 15:15:51,905] {logging_mixin.py:109} INFO - [2022-09-24 15:15:51,905] {dag.py:2396} INFO - Sync 1 DAGs
[2022-09-24 15:15:51,966] {logging_mixin.py:109} INFO - [2022-09-24 15:15:51,965] {dag.py:2935} INFO - Setting next_dagrun for my_dag to 2022-09-23T00:00:00+00:00
[2022-09-24 15:15:52,073] {processor.py:171} INFO - Processing /opt/airflow/dags/task2_xcom_dag.py took 0.283 seconds
[2022-09-24 15:16:22,483] {processor.py:163} INFO - Started process (PID=228) to work on /opt/airflow/dags/task2_xcom_dag.py
[2022-09-24 15:16:22,508] {processor.py:642} INFO - Processing file /opt/airflow/dags/task2_xcom_dag.py for tasks to queue
[2022-09-24 15:16:22,517] {logging_mixin.py:109} INFO - [2022-09-24 15:16:22,517] {dagbag.py:500} INFO - Filling up the DagBag from /opt/airflow/dags/task2_xcom_dag.py
[2022-09-24 15:16:22,659] {processor.py:654} INFO - DAG(s) dict_keys(['my_dag']) retrieved from /opt/airflow/dags/task2_xcom_dag.py
[2022-09-24 15:16:23,869] {logging_mixin.py:109} INFO - [2022-09-24 15:16:23,869] {dag.py:2396} INFO - Sync 1 DAGs
[2022-09-24 15:16:23,930] {logging_mixin.py:109} INFO - [2022-09-24 15:16:23,930] {dag.py:2935} INFO - Setting next_dagrun for my_dag to 2022-09-23T00:00:00+00:00
[2022-09-24 15:16:23,990] {processor.py:171} INFO - Processing /opt/airflow/dags/task2_xcom_dag.py took 1.515 seconds
[2022-09-24 15:16:54,213] {processor.py:163} INFO - Started process (PID=243) to work on /opt/airflow/dags/task2_xcom_dag.py
[2022-09-24 15:16:54,218] {processor.py:642} INFO - Processing file /opt/airflow/dags/task2_xcom_dag.py for tasks to queue
[2022-09-24 15:16:54,219] {logging_mixin.py:109} INFO - [2022-09-24 15:16:54,219] {dagbag.py:500} INFO - Filling up the DagBag from /opt/airflow/dags/task2_xcom_dag.py
[2022-09-24 15:16:54,311] {processor.py:654} INFO - DAG(s) dict_keys(['my_dag']) retrieved from /opt/airflow/dags/task2_xcom_dag.py
[2022-09-24 15:16:54,332] {logging_mixin.py:109} INFO - [2022-09-24 15:16:54,332] {dag.py:2396} INFO - Sync 1 DAGs
[2022-09-24 15:16:54,371] {logging_mixin.py:109} INFO - [2022-09-24 15:16:54,371] {dag.py:2935} INFO - Setting next_dagrun for my_dag to 2022-09-23T00:00:00+00:00
[2022-09-24 15:16:54,396] {processor.py:171} INFO - Processing /opt/airflow/dags/task2_xcom_dag.py took 0.190 seconds
[2022-09-24 15:17:27,896] {processor.py:163} INFO - Started process (PID=267) to work on /opt/airflow/dags/task2_xcom_dag.py
[2022-09-24 15:17:27,921] {processor.py:642} INFO - Processing file /opt/airflow/dags/task2_xcom_dag.py for tasks to queue
[2022-09-24 15:17:27,935] {logging_mixin.py:109} INFO - [2022-09-24 15:17:27,935] {dagbag.py:500} INFO - Filling up the DagBag from /opt/airflow/dags/task2_xcom_dag.py
[2022-09-24 15:17:29,580] {processor.py:654} INFO - DAG(s) dict_keys(['my_dag']) retrieved from /opt/airflow/dags/task2_xcom_dag.py
[2022-09-24 15:17:30,093] {logging_mixin.py:109} INFO - [2022-09-24 15:17:30,092] {dag.py:2396} INFO - Sync 1 DAGs
[2022-09-24 15:17:31,204] {logging_mixin.py:109} INFO - [2022-09-24 15:17:31,204] {dag.py:2935} INFO - Setting next_dagrun for my_dag to 2022-09-23T00:00:00+00:00
[2022-09-24 15:17:32,275] {processor.py:171} INFO - Processing /opt/airflow/dags/task2_xcom_dag.py took 4.436 seconds
[2022-09-24 15:18:03,558] {processor.py:163} INFO - Started process (PID=291) to work on /opt/airflow/dags/task2_xcom_dag.py
[2022-09-24 15:18:03,561] {processor.py:642} INFO - Processing file /opt/airflow/dags/task2_xcom_dag.py for tasks to queue
[2022-09-24 15:18:03,574] {logging_mixin.py:109} INFO - [2022-09-24 15:18:03,574] {dagbag.py:500} INFO - Filling up the DagBag from /opt/airflow/dags/task2_xcom_dag.py
[2022-09-24 15:18:03,759] {processor.py:654} INFO - DAG(s) dict_keys(['my_dag']) retrieved from /opt/airflow/dags/task2_xcom_dag.py
[2022-09-24 15:18:08,364] {logging_mixin.py:109} INFO - [2022-09-24 15:18:08,364] {dag.py:2396} INFO - Sync 1 DAGs
[2022-09-24 15:18:08,479] {logging_mixin.py:109} INFO - [2022-09-24 15:18:08,479] {dag.py:2935} INFO - Setting next_dagrun for my_dag to 2022-09-23T00:00:00+00:00
[2022-09-24 15:18:08,576] {processor.py:171} INFO - Processing /opt/airflow/dags/task2_xcom_dag.py took 5.045 seconds
[2022-09-24 15:18:39,488] {processor.py:163} INFO - Started process (PID=315) to work on /opt/airflow/dags/task2_xcom_dag.py
[2022-09-24 15:18:39,513] {processor.py:642} INFO - Processing file /opt/airflow/dags/task2_xcom_dag.py for tasks to queue
[2022-09-24 15:18:39,523] {logging_mixin.py:109} INFO - [2022-09-24 15:18:39,523] {dagbag.py:500} INFO - Filling up the DagBag from /opt/airflow/dags/task2_xcom_dag.py
[2022-09-24 15:18:40,039] {processor.py:654} INFO - DAG(s) dict_keys(['my_dag']) retrieved from /opt/airflow/dags/task2_xcom_dag.py
[2022-09-24 15:18:40,462] {logging_mixin.py:109} INFO - [2022-09-24 15:18:40,462] {dag.py:2396} INFO - Sync 1 DAGs
[2022-09-24 15:18:41,102] {logging_mixin.py:109} INFO - [2022-09-24 15:18:41,102] {dag.py:2935} INFO - Setting next_dagrun for my_dag to 2022-09-23T00:00:00+00:00
[2022-09-24 15:18:41,192] {processor.py:171} INFO - Processing /opt/airflow/dags/task2_xcom_dag.py took 1.748 seconds
[2022-09-24 15:19:11,510] {processor.py:163} INFO - Started process (PID=339) to work on /opt/airflow/dags/task2_xcom_dag.py
[2022-09-24 15:19:11,544] {processor.py:642} INFO - Processing file /opt/airflow/dags/task2_xcom_dag.py for tasks to queue
[2022-09-24 15:19:11,589] {logging_mixin.py:109} INFO - [2022-09-24 15:19:11,588] {dagbag.py:500} INFO - Filling up the DagBag from /opt/airflow/dags/task2_xcom_dag.py
[2022-09-24 15:19:12,714] {processor.py:654} INFO - DAG(s) dict_keys(['my_dag']) retrieved from /opt/airflow/dags/task2_xcom_dag.py
[2022-09-24 15:19:12,783] {logging_mixin.py:109} INFO - [2022-09-24 15:19:12,781] {dag.py:2396} INFO - Sync 1 DAGs
[2022-09-24 15:19:12,899] {logging_mixin.py:109} INFO - [2022-09-24 15:19:12,899] {dag.py:2935} INFO - Setting next_dagrun for my_dag to 2022-09-23T00:00:00+00:00
[2022-09-24 15:19:13,015] {processor.py:171} INFO - Processing /opt/airflow/dags/task2_xcom_dag.py took 1.554 seconds
[2022-09-24 15:19:43,857] {processor.py:163} INFO - Started process (PID=354) to work on /opt/airflow/dags/task2_xcom_dag.py
[2022-09-24 15:19:43,866] {processor.py:642} INFO - Processing file /opt/airflow/dags/task2_xcom_dag.py for tasks to queue
[2022-09-24 15:19:43,873] {logging_mixin.py:109} INFO - [2022-09-24 15:19:43,872] {dagbag.py:500} INFO - Filling up the DagBag from /opt/airflow/dags/task2_xcom_dag.py
[2022-09-24 15:19:44,062] {processor.py:654} INFO - DAG(s) dict_keys(['my_dag']) retrieved from /opt/airflow/dags/task2_xcom_dag.py
[2022-09-24 15:19:45,177] {logging_mixin.py:109} INFO - [2022-09-24 15:19:45,177] {dag.py:2396} INFO - Sync 1 DAGs
[2022-09-24 15:19:45,213] {logging_mixin.py:109} INFO - [2022-09-24 15:19:45,213] {dag.py:2935} INFO - Setting next_dagrun for my_dag to 2022-09-23T00:00:00+00:00
[2022-09-24 15:19:45,243] {processor.py:171} INFO - Processing /opt/airflow/dags/task2_xcom_dag.py took 1.421 seconds
[2022-09-24 15:20:15,495] {processor.py:163} INFO - Started process (PID=378) to work on /opt/airflow/dags/task2_xcom_dag.py
[2022-09-24 15:20:15,502] {processor.py:642} INFO - Processing file /opt/airflow/dags/task2_xcom_dag.py for tasks to queue
[2022-09-24 15:20:15,504] {logging_mixin.py:109} INFO - [2022-09-24 15:20:15,504] {dagbag.py:500} INFO - Filling up the DagBag from /opt/airflow/dags/task2_xcom_dag.py
[2022-09-24 15:20:15,603] {processor.py:654} INFO - DAG(s) dict_keys(['my_dag']) retrieved from /opt/airflow/dags/task2_xcom_dag.py
[2022-09-24 15:20:15,633] {logging_mixin.py:109} INFO - [2022-09-24 15:20:15,632] {dag.py:2396} INFO - Sync 1 DAGs
[2022-09-24 15:20:15,672] {logging_mixin.py:109} INFO - [2022-09-24 15:20:15,671] {dag.py:2935} INFO - Setting next_dagrun for my_dag to 2022-09-23T00:00:00+00:00
[2022-09-24 15:20:15,707] {processor.py:171} INFO - Processing /opt/airflow/dags/task2_xcom_dag.py took 0.220 seconds
[2022-09-24 15:20:46,025] {processor.py:163} INFO - Started process (PID=402) to work on /opt/airflow/dags/task2_xcom_dag.py
[2022-09-24 15:20:46,050] {processor.py:642} INFO - Processing file /opt/airflow/dags/task2_xcom_dag.py for tasks to queue
[2022-09-24 15:20:46,055] {logging_mixin.py:109} INFO - [2022-09-24 15:20:46,055] {dagbag.py:500} INFO - Filling up the DagBag from /opt/airflow/dags/task2_xcom_dag.py
[2022-09-24 15:20:46,248] {processor.py:654} INFO - DAG(s) dict_keys(['my_dag']) retrieved from /opt/airflow/dags/task2_xcom_dag.py
[2022-09-24 15:20:46,354] {logging_mixin.py:109} INFO - [2022-09-24 15:20:46,354] {dag.py:2396} INFO - Sync 1 DAGs
[2022-09-24 15:20:46,497] {logging_mixin.py:109} INFO - [2022-09-24 15:20:46,497] {dag.py:2935} INFO - Setting next_dagrun for my_dag to 2022-09-23T00:00:00+00:00
[2022-09-24 15:20:46,568] {processor.py:171} INFO - Processing /opt/airflow/dags/task2_xcom_dag.py took 0.574 seconds
[2022-09-24 15:21:17,009] {processor.py:163} INFO - Started process (PID=424) to work on /opt/airflow/dags/task2_xcom_dag.py
[2022-09-24 15:21:17,019] {processor.py:642} INFO - Processing file /opt/airflow/dags/task2_xcom_dag.py for tasks to queue
[2022-09-24 15:21:17,028] {logging_mixin.py:109} INFO - [2022-09-24 15:21:17,027] {dagbag.py:500} INFO - Filling up the DagBag from /opt/airflow/dags/task2_xcom_dag.py
[2022-09-24 15:21:17,417] {processor.py:654} INFO - DAG(s) dict_keys(['my_dag']) retrieved from /opt/airflow/dags/task2_xcom_dag.py
[2022-09-24 15:21:22,726] {logging_mixin.py:109} INFO - [2022-09-24 15:21:22,726] {dag.py:2396} INFO - Sync 1 DAGs
[2022-09-24 15:21:22,839] {logging_mixin.py:109} INFO - [2022-09-24 15:21:22,839] {dag.py:2935} INFO - Setting next_dagrun for my_dag to 2022-09-23T00:00:00+00:00
[2022-09-24 15:21:23,182] {processor.py:171} INFO - Processing /opt/airflow/dags/task2_xcom_dag.py took 6.318 seconds
[2022-09-24 15:21:53,916] {processor.py:163} INFO - Started process (PID=446) to work on /opt/airflow/dags/task2_xcom_dag.py
[2022-09-24 15:21:53,974] {processor.py:642} INFO - Processing file /opt/airflow/dags/task2_xcom_dag.py for tasks to queue
[2022-09-24 15:21:53,994] {logging_mixin.py:109} INFO - [2022-09-24 15:21:53,994] {dagbag.py:500} INFO - Filling up the DagBag from /opt/airflow/dags/task2_xcom_dag.py
[2022-09-24 15:21:54,233] {processor.py:654} INFO - DAG(s) dict_keys(['my_dag']) retrieved from /opt/airflow/dags/task2_xcom_dag.py
[2022-09-24 15:21:54,307] {logging_mixin.py:109} INFO - [2022-09-24 15:21:54,307] {dag.py:2396} INFO - Sync 1 DAGs
[2022-09-24 15:21:54,473] {logging_mixin.py:109} INFO - [2022-09-24 15:21:54,473] {dag.py:2935} INFO - Setting next_dagrun for my_dag to 2022-09-23T00:00:00+00:00
[2022-09-24 15:21:54,668] {processor.py:171} INFO - Processing /opt/airflow/dags/task2_xcom_dag.py took 0.803 seconds
[2022-09-24 15:22:26,230] {processor.py:163} INFO - Started process (PID=462) to work on /opt/airflow/dags/task2_xcom_dag.py
[2022-09-24 15:22:26,262] {processor.py:642} INFO - Processing file /opt/airflow/dags/task2_xcom_dag.py for tasks to queue
[2022-09-24 15:22:26,294] {logging_mixin.py:109} INFO - [2022-09-24 15:22:26,294] {dagbag.py:500} INFO - Filling up the DagBag from /opt/airflow/dags/task2_xcom_dag.py
[2022-09-24 15:22:27,839] {processor.py:654} INFO - DAG(s) dict_keys(['my_dag']) retrieved from /opt/airflow/dags/task2_xcom_dag.py
[2022-09-24 15:22:27,872] {logging_mixin.py:109} INFO - [2022-09-24 15:22:27,872] {dag.py:2396} INFO - Sync 1 DAGs
[2022-09-24 15:22:28,040] {logging_mixin.py:109} INFO - [2022-09-24 15:22:28,040] {dag.py:2935} INFO - Setting next_dagrun for my_dag to 2022-09-23T00:00:00+00:00
[2022-09-24 15:22:28,186] {processor.py:171} INFO - Processing /opt/airflow/dags/task2_xcom_dag.py took 2.013 seconds
[2022-09-24 15:22:55,907] {processor.py:163} INFO - Started process (PID=477) to work on /opt/airflow/dags/task2_xcom_dag.py
[2022-09-24 15:22:56,184] {processor.py:642} INFO - Processing file /opt/airflow/dags/task2_xcom_dag.py for tasks to queue
[2022-09-24 15:22:56,219] {logging_mixin.py:109} INFO - [2022-09-24 15:22:56,219] {dagbag.py:500} INFO - Filling up the DagBag from /opt/airflow/dags/task2_xcom_dag.py
[2022-09-24 15:23:05,821] {processor.py:654} INFO - DAG(s) dict_keys(['my_dag']) retrieved from /opt/airflow/dags/task2_xcom_dag.py
[2022-09-24 15:23:18,636] {logging_mixin.py:109} INFO - [2022-09-24 15:23:18,636] {dag.py:2396} INFO - Sync 1 DAGs
[2022-09-24 15:23:19,633] {logging_mixin.py:109} INFO - [2022-09-24 15:23:19,633] {dag.py:2935} INFO - Setting next_dagrun for my_dag to 2022-09-23T00:00:00+00:00
[2022-09-24 15:23:23,470] {processor.py:171} INFO - Processing /opt/airflow/dags/task2_xcom_dag.py took 27.598 seconds
[2022-09-24 15:23:55,566] {processor.py:163} INFO - Started process (PID=511) to work on /opt/airflow/dags/task2_xcom_dag.py
[2022-09-24 15:23:55,633] {processor.py:642} INFO - Processing file /opt/airflow/dags/task2_xcom_dag.py for tasks to queue
[2022-09-24 15:23:55,656] {logging_mixin.py:109} INFO - [2022-09-24 15:23:55,656] {dagbag.py:500} INFO - Filling up the DagBag from /opt/airflow/dags/task2_xcom_dag.py
[2022-09-24 15:23:57,423] {processor.py:654} INFO - DAG(s) dict_keys(['my_dag']) retrieved from /opt/airflow/dags/task2_xcom_dag.py
[2022-09-24 15:23:57,929] {logging_mixin.py:109} INFO - [2022-09-24 15:23:57,929] {dag.py:2396} INFO - Sync 1 DAGs
[2022-09-24 15:23:58,719] {logging_mixin.py:109} INFO - [2022-09-24 15:23:58,719] {dag.py:2935} INFO - Setting next_dagrun for my_dag to 2022-09-23T00:00:00+00:00
[2022-09-24 15:23:59,223] {processor.py:171} INFO - Processing /opt/airflow/dags/task2_xcom_dag.py took 3.861 seconds
[2022-09-24 15:24:30,918] {processor.py:163} INFO - Started process (PID=527) to work on /opt/airflow/dags/task2_xcom_dag.py
[2022-09-24 15:24:31,013] {processor.py:642} INFO - Processing file /opt/airflow/dags/task2_xcom_dag.py for tasks to queue
[2022-09-24 15:24:31,024] {logging_mixin.py:109} INFO - [2022-09-24 15:24:31,024] {dagbag.py:500} INFO - Filling up the DagBag from /opt/airflow/dags/task2_xcom_dag.py
[2022-09-24 15:24:34,516] {processor.py:654} INFO - DAG(s) dict_keys(['my_dag']) retrieved from /opt/airflow/dags/task2_xcom_dag.py
[2022-09-24 15:25:01,872] {logging_mixin.py:109} INFO - [2022-09-24 15:25:01,871] {dag.py:2396} INFO - Sync 1 DAGs
[2022-09-24 15:25:02,094] {logging_mixin.py:109} INFO - [2022-09-24 15:25:02,094] {dag.py:2935} INFO - Setting next_dagrun for my_dag to 2022-09-23T00:00:00+00:00
[2022-09-24 15:25:02,343] {processor.py:171} INFO - Processing /opt/airflow/dags/task2_xcom_dag.py took 31.597 seconds
[2022-09-24 15:25:28,479] {processor.py:163} INFO - Started process (PID=559) to work on /opt/airflow/dags/task2_xcom_dag.py
[2022-09-24 15:25:28,506] {processor.py:642} INFO - Processing file /opt/airflow/dags/task2_xcom_dag.py for tasks to queue
[2022-09-24 15:25:28,520] {logging_mixin.py:109} INFO - [2022-09-24 15:25:28,520] {dagbag.py:500} INFO - Filling up the DagBag from /opt/airflow/dags/task2_xcom_dag.py
[2022-09-24 15:25:31,230] {processor.py:654} INFO - DAG(s) dict_keys(['my_dag']) retrieved from /opt/airflow/dags/task2_xcom_dag.py
[2022-09-24 15:25:31,730] {logging_mixin.py:109} INFO - [2022-09-24 15:25:31,730] {dag.py:2396} INFO - Sync 1 DAGs
[2022-09-24 15:25:32,089] {logging_mixin.py:109} INFO - [2022-09-24 15:25:32,088] {dag.py:2935} INFO - Setting next_dagrun for my_dag to 2022-09-23T00:00:00+00:00
[2022-09-24 15:25:32,398] {processor.py:171} INFO - Processing /opt/airflow/dags/task2_xcom_dag.py took 4.007 seconds
[2022-09-24 15:26:03,616] {processor.py:163} INFO - Started process (PID=582) to work on /opt/airflow/dags/task2_xcom_dag.py
[2022-09-24 15:26:03,628] {processor.py:642} INFO - Processing file /opt/airflow/dags/task2_xcom_dag.py for tasks to queue
[2022-09-24 15:26:03,647] {logging_mixin.py:109} INFO - [2022-09-24 15:26:03,647] {dagbag.py:500} INFO - Filling up the DagBag from /opt/airflow/dags/task2_xcom_dag.py
[2022-09-24 15:26:05,037] {processor.py:654} INFO - DAG(s) dict_keys(['my_dag']) retrieved from /opt/airflow/dags/task2_xcom_dag.py
[2022-09-24 15:26:15,808] {logging_mixin.py:109} INFO - [2022-09-24 15:26:15,808] {dag.py:2396} INFO - Sync 1 DAGs
[2022-09-24 15:26:16,210] {logging_mixin.py:109} INFO - [2022-09-24 15:26:16,209] {dag.py:2935} INFO - Setting next_dagrun for my_dag to 2022-09-23T00:00:00+00:00
[2022-09-24 15:26:17,126] {processor.py:171} INFO - Processing /opt/airflow/dags/task2_xcom_dag.py took 13.587 seconds
[2022-09-24 15:26:48,347] {processor.py:163} INFO - Started process (PID=606) to work on /opt/airflow/dags/task2_xcom_dag.py
[2022-09-24 15:26:48,350] {processor.py:642} INFO - Processing file /opt/airflow/dags/task2_xcom_dag.py for tasks to queue
[2022-09-24 15:26:48,356] {logging_mixin.py:109} INFO - [2022-09-24 15:26:48,356] {dagbag.py:500} INFO - Filling up the DagBag from /opt/airflow/dags/task2_xcom_dag.py
[2022-09-24 15:26:49,018] {processor.py:654} INFO - DAG(s) dict_keys(['my_dag']) retrieved from /opt/airflow/dags/task2_xcom_dag.py
[2022-09-24 15:26:49,102] {logging_mixin.py:109} INFO - [2022-09-24 15:26:49,102] {dag.py:2396} INFO - Sync 1 DAGs
[2022-09-24 15:26:49,309] {logging_mixin.py:109} INFO - [2022-09-24 15:26:49,309] {dag.py:2935} INFO - Setting next_dagrun for my_dag to 2022-09-23T00:00:00+00:00
[2022-09-24 15:26:49,359] {processor.py:171} INFO - Processing /opt/airflow/dags/task2_xcom_dag.py took 1.137 seconds
[2022-09-24 15:26:50,140] {processor.py:163} INFO - Started process (PID=607) to work on /opt/airflow/dags/task2_xcom_dag.py
[2022-09-24 15:26:50,159] {processor.py:642} INFO - Processing file /opt/airflow/dags/task2_xcom_dag.py for tasks to queue
[2022-09-24 15:26:50,164] {logging_mixin.py:109} INFO - [2022-09-24 15:26:50,162] {dagbag.py:500} INFO - Filling up the DagBag from /opt/airflow/dags/task2_xcom_dag.py
[2022-09-24 15:26:50,343] {processor.py:654} INFO - DAG(s) dict_keys(['task2_xcom_dag']) retrieved from /opt/airflow/dags/task2_xcom_dag.py
[2022-09-24 15:27:14,077] {logging_mixin.py:109} INFO - [2022-09-24 15:27:14,076] {manager.py:496} INFO - Created Permission View: can read on DAG:task2_xcom_dag
[2022-09-24 15:27:14,109] {logging_mixin.py:109} INFO - [2022-09-24 15:27:14,108] {manager.py:496} INFO - Created Permission View: can edit on DAG:task2_xcom_dag
[2022-09-24 15:27:14,110] {logging_mixin.py:109} INFO - [2022-09-24 15:27:14,109] {dag.py:2396} INFO - Sync 1 DAGs
[2022-09-24 15:27:14,125] {logging_mixin.py:109} INFO - [2022-09-24 15:27:14,124] {dag.py:2415} INFO - Creating ORM DAG for task2_xcom_dag
[2022-09-24 15:27:14,141] {logging_mixin.py:109} INFO - [2022-09-24 15:27:14,141] {dag.py:2935} INFO - Setting next_dagrun for task2_xcom_dag to 2022-09-23 00:00:00+00:00
[2022-09-24 15:27:14,170] {processor.py:171} INFO - Processing /opt/airflow/dags/task2_xcom_dag.py took 24.043 seconds
[2022-09-24 15:27:45,741] {processor.py:163} INFO - Started process (PID=640) to work on /opt/airflow/dags/task2_xcom_dag.py
[2022-09-24 15:27:45,764] {processor.py:642} INFO - Processing file /opt/airflow/dags/task2_xcom_dag.py for tasks to queue
[2022-09-24 15:27:45,792] {logging_mixin.py:109} INFO - [2022-09-24 15:27:45,792] {dagbag.py:500} INFO - Filling up the DagBag from /opt/airflow/dags/task2_xcom_dag.py
[2022-09-24 15:27:46,550] {processor.py:654} INFO - DAG(s) dict_keys(['task2_xcom_dag']) retrieved from /opt/airflow/dags/task2_xcom_dag.py
[2022-09-24 15:27:46,654] {logging_mixin.py:109} INFO - [2022-09-24 15:27:46,654] {dag.py:2396} INFO - Sync 1 DAGs
[2022-09-24 15:27:46,886] {logging_mixin.py:109} INFO - [2022-09-24 15:27:46,885] {dag.py:2935} INFO - Setting next_dagrun for task2_xcom_dag to 2022-09-23 00:00:00+00:00
[2022-09-24 15:27:47,078] {processor.py:171} INFO - Processing /opt/airflow/dags/task2_xcom_dag.py took 1.371 seconds
[2022-09-24 15:28:17,679] {processor.py:163} INFO - Started process (PID=663) to work on /opt/airflow/dags/task2_xcom_dag.py
[2022-09-24 15:28:17,730] {processor.py:642} INFO - Processing file /opt/airflow/dags/task2_xcom_dag.py for tasks to queue
[2022-09-24 15:28:17,772] {logging_mixin.py:109} INFO - [2022-09-24 15:28:17,772] {dagbag.py:500} INFO - Filling up the DagBag from /opt/airflow/dags/task2_xcom_dag.py
[2022-09-24 15:28:18,590] {processor.py:654} INFO - DAG(s) dict_keys(['task2_xcom_dag']) retrieved from /opt/airflow/dags/task2_xcom_dag.py
[2022-09-24 15:28:18,846] {logging_mixin.py:109} INFO - [2022-09-24 15:28:18,846] {dag.py:2396} INFO - Sync 1 DAGs
[2022-09-24 15:28:19,146] {logging_mixin.py:109} INFO - [2022-09-24 15:28:19,145] {dag.py:2935} INFO - Setting next_dagrun for task2_xcom_dag to 2022-09-24T00:00:00+00:00
[2022-09-24 15:28:19,332] {processor.py:171} INFO - Processing /opt/airflow/dags/task2_xcom_dag.py took 1.660 seconds
[2022-09-24 15:28:50,789] {processor.py:163} INFO - Started process (PID=676) to work on /opt/airflow/dags/task2_xcom_dag.py
[2022-09-24 15:28:50,813] {processor.py:642} INFO - Processing file /opt/airflow/dags/task2_xcom_dag.py for tasks to queue
[2022-09-24 15:28:50,826] {logging_mixin.py:109} INFO - [2022-09-24 15:28:50,825] {dagbag.py:500} INFO - Filling up the DagBag from /opt/airflow/dags/task2_xcom_dag.py
[2022-09-24 15:28:51,228] {processor.py:654} INFO - DAG(s) dict_keys(['task2_xcom_dag']) retrieved from /opt/airflow/dags/task2_xcom_dag.py
[2022-09-24 15:28:51,267] {logging_mixin.py:109} INFO - [2022-09-24 15:28:51,266] {dag.py:2396} INFO - Sync 1 DAGs
[2022-09-24 15:28:51,327] {logging_mixin.py:109} INFO - [2022-09-24 15:28:51,326] {dag.py:2935} INFO - Setting next_dagrun for task2_xcom_dag to 2022-09-24T00:00:00+00:00
[2022-09-24 15:28:51,377] {processor.py:171} INFO - Processing /opt/airflow/dags/task2_xcom_dag.py took 0.635 seconds
[2022-09-24 15:29:21,924] {processor.py:163} INFO - Started process (PID=697) to work on /opt/airflow/dags/task2_xcom_dag.py
[2022-09-24 15:29:21,929] {processor.py:642} INFO - Processing file /opt/airflow/dags/task2_xcom_dag.py for tasks to queue
[2022-09-24 15:29:21,933] {logging_mixin.py:109} INFO - [2022-09-24 15:29:21,933] {dagbag.py:500} INFO - Filling up the DagBag from /opt/airflow/dags/task2_xcom_dag.py
[2022-09-24 15:29:22,053] {processor.py:654} INFO - DAG(s) dict_keys(['task2_xcom_dag']) retrieved from /opt/airflow/dags/task2_xcom_dag.py
[2022-09-24 15:29:22,087] {logging_mixin.py:109} INFO - [2022-09-24 15:29:22,087] {dag.py:2396} INFO - Sync 1 DAGs
[2022-09-24 15:29:22,186] {logging_mixin.py:109} INFO - [2022-09-24 15:29:22,186] {dag.py:2935} INFO - Setting next_dagrun for task2_xcom_dag to 2022-09-24T00:00:00+00:00
[2022-09-24 15:29:22,279] {processor.py:171} INFO - Processing /opt/airflow/dags/task2_xcom_dag.py took 0.373 seconds
