[2022-09-24 15:28:41,250] {taskinstance.py:1032} INFO - Dependencies all met for <TaskInstance: task2_xcom_dag.choose_best_model manual__2022-09-24T15:28:13.829237+00:00 [queued]>
[2022-09-24 15:28:41,368] {taskinstance.py:1032} INFO - Dependencies all met for <TaskInstance: task2_xcom_dag.choose_best_model manual__2022-09-24T15:28:13.829237+00:00 [queued]>
[2022-09-24 15:28:41,369] {taskinstance.py:1238} INFO - 
--------------------------------------------------------------------------------
[2022-09-24 15:28:41,369] {taskinstance.py:1239} INFO - Starting attempt 1 of 1
[2022-09-24 15:28:41,370] {taskinstance.py:1240} INFO - 
--------------------------------------------------------------------------------
[2022-09-24 15:28:41,468] {taskinstance.py:1259} INFO - Executing <Task(BranchPythonOperator): choose_best_model> on 2022-09-24 15:28:13.829237+00:00
[2022-09-24 15:28:41,500] {standard_task_runner.py:52} INFO - Started process 553 to run task
[2022-09-24 15:28:41,553] {standard_task_runner.py:76} INFO - Running: ['***', 'tasks', 'run', 'task2_xcom_dag', 'choose_best_model', 'manual__2022-09-24T15:28:13.829237+00:00', '--job-id', '28', '--raw', '--subdir', 'DAGS_FOLDER/task2_xcom_dag.py', '--cfg-path', '/tmp/tmpg89289x2', '--error-file', '/tmp/tmp9ufx5999']
[2022-09-24 15:28:41,559] {standard_task_runner.py:77} INFO - Job 28: Subtask choose_best_model
[2022-09-24 15:28:42,667] {logging_mixin.py:109} INFO - Running <TaskInstance: task2_xcom_dag.choose_best_model manual__2022-09-24T15:28:13.829237+00:00 [running]> on host fce8fcc31726
[2022-09-24 15:28:43,293] {taskinstance.py:1426} INFO - Exporting the following env vars:
AIRFLOW_CTX_DAG_OWNER=***
AIRFLOW_CTX_DAG_ID=task2_xcom_dag
AIRFLOW_CTX_TASK_ID=choose_best_model
AIRFLOW_CTX_EXECUTION_DATE=2022-09-24T15:28:13.829237+00:00
AIRFLOW_CTX_DAG_RUN_ID=manual__2022-09-24T15:28:13.829237+00:00
[2022-09-24 15:28:43,508] {python.py:175} INFO - Done. Returned value was: accurate
[2022-09-24 15:28:43,516] {skipmixin.py:143} INFO - Following branch accurate
[2022-09-24 15:28:43,517] {skipmixin.py:174} INFO - Skipping tasks ['inaccurate']
[2022-09-24 15:28:44,484] {taskinstance.py:1277} INFO - Marking task as SUCCESS. dag_id=task2_xcom_dag, task_id=choose_best_model, execution_date=20220924T152813, start_date=20220924T152841, end_date=20220924T152844
[2022-09-24 15:28:44,788] {local_task_job.py:154} INFO - Task exited with return code 0
[2022-09-24 15:28:45,130] {local_task_job.py:264} INFO - 1 downstream tasks scheduled from follow-on schedule check
