[2022-09-22 05:26:02,473] {processor.py:163} INFO - Started process (PID=64) to work on /opt/airflow/dags/data_ingestion_gcs_dag.py
[2022-09-22 05:26:02,478] {processor.py:642} INFO - Processing file /opt/airflow/dags/data_ingestion_gcs_dag.py for tasks to queue
[2022-09-22 05:26:02,488] {logging_mixin.py:109} INFO - [2022-09-22 05:26:02,488] {dagbag.py:500} INFO - Filling up the DagBag from /opt/airflow/dags/data_ingestion_gcs_dag.py
[2022-09-22 05:26:09,903] {processor.py:654} INFO - DAG(s) dict_keys(['data_ingestion_gcs_dag']) retrieved from /opt/airflow/dags/data_ingestion_gcs_dag.py
[2022-09-22 05:26:25,008] {logging_mixin.py:109} INFO - [2022-09-22 05:26:25,007] {manager.py:496} INFO - Created Permission View: can edit on DAG:data_ingestion_gcs_dag
[2022-09-22 05:26:25,294] {logging_mixin.py:109} INFO - [2022-09-22 05:26:25,294] {manager.py:496} INFO - Created Permission View: can read on DAG:data_ingestion_gcs_dag
[2022-09-22 05:26:25,296] {logging_mixin.py:109} INFO - [2022-09-22 05:26:25,295] {dag.py:2396} INFO - Sync 1 DAGs
[2022-09-22 05:26:25,328] {logging_mixin.py:109} INFO - [2022-09-22 05:26:25,328] {dag.py:2415} INFO - Creating ORM DAG for data_ingestion_gcs_dag
[2022-09-22 05:26:25,383] {logging_mixin.py:109} INFO - [2022-09-22 05:26:25,382] {dag.py:2935} INFO - Setting next_dagrun for data_ingestion_gcs_dag to 2022-09-21 00:00:00+00:00
[2022-09-22 05:26:25,415] {processor.py:171} INFO - Processing /opt/airflow/dags/data_ingestion_gcs_dag.py took 22.947 seconds
[2022-09-22 05:26:55,826] {processor.py:163} INFO - Started process (PID=97) to work on /opt/airflow/dags/data_ingestion_gcs_dag.py
[2022-09-22 05:26:55,843] {processor.py:642} INFO - Processing file /opt/airflow/dags/data_ingestion_gcs_dag.py for tasks to queue
[2022-09-22 05:26:55,845] {logging_mixin.py:109} INFO - [2022-09-22 05:26:55,845] {dagbag.py:500} INFO - Filling up the DagBag from /opt/airflow/dags/data_ingestion_gcs_dag.py
[2022-09-22 05:27:02,982] {processor.py:654} INFO - DAG(s) dict_keys(['data_ingestion_gcs_dag']) retrieved from /opt/airflow/dags/data_ingestion_gcs_dag.py
[2022-09-22 05:27:03,059] {logging_mixin.py:109} INFO - [2022-09-22 05:27:03,032] {dag.py:2396} INFO - Sync 1 DAGs
[2022-09-22 05:27:03,236] {logging_mixin.py:109} INFO - [2022-09-22 05:27:03,235] {dag.py:2935} INFO - Setting next_dagrun for data_ingestion_gcs_dag to 2022-09-21 00:00:00+00:00
[2022-09-22 05:27:03,307] {processor.py:171} INFO - Processing /opt/airflow/dags/data_ingestion_gcs_dag.py took 7.499 seconds
[2022-09-22 05:27:34,036] {processor.py:163} INFO - Started process (PID=115) to work on /opt/airflow/dags/data_ingestion_gcs_dag.py
[2022-09-22 05:27:34,056] {processor.py:642} INFO - Processing file /opt/airflow/dags/data_ingestion_gcs_dag.py for tasks to queue
[2022-09-22 05:27:34,065] {logging_mixin.py:109} INFO - [2022-09-22 05:27:34,064] {dagbag.py:500} INFO - Filling up the DagBag from /opt/airflow/dags/data_ingestion_gcs_dag.py
[2022-09-22 05:27:42,199] {processor.py:654} INFO - DAG(s) dict_keys(['data_ingestion_gcs_dag']) retrieved from /opt/airflow/dags/data_ingestion_gcs_dag.py
[2022-09-22 05:27:42,521] {logging_mixin.py:109} INFO - [2022-09-22 05:27:42,520] {dag.py:2396} INFO - Sync 1 DAGs
[2022-09-22 05:27:42,763] {logging_mixin.py:109} INFO - [2022-09-22 05:27:42,755] {dag.py:2935} INFO - Setting next_dagrun for data_ingestion_gcs_dag to 2022-09-21 00:00:00+00:00
[2022-09-22 05:27:43,323] {processor.py:171} INFO - Processing /opt/airflow/dags/data_ingestion_gcs_dag.py took 9.343 seconds
[2022-09-22 05:28:14,053] {processor.py:163} INFO - Started process (PID=129) to work on /opt/airflow/dags/data_ingestion_gcs_dag.py
[2022-09-22 05:28:14,092] {processor.py:642} INFO - Processing file /opt/airflow/dags/data_ingestion_gcs_dag.py for tasks to queue
[2022-09-22 05:28:14,108] {logging_mixin.py:109} INFO - [2022-09-22 05:28:14,108] {dagbag.py:500} INFO - Filling up the DagBag from /opt/airflow/dags/data_ingestion_gcs_dag.py
[2022-09-22 05:28:31,042] {processor.py:654} INFO - DAG(s) dict_keys(['data_ingestion_gcs_dag']) retrieved from /opt/airflow/dags/data_ingestion_gcs_dag.py
[2022-09-22 05:28:31,346] {logging_mixin.py:109} INFO - [2022-09-22 05:28:31,316] {dag.py:2396} INFO - Sync 1 DAGs
[2022-09-22 05:28:31,876] {logging_mixin.py:109} INFO - [2022-09-22 05:28:31,875] {dag.py:2935} INFO - Setting next_dagrun for data_ingestion_gcs_dag to 2022-09-21 00:00:00+00:00
[2022-09-22 05:28:32,183] {processor.py:171} INFO - Processing /opt/airflow/dags/data_ingestion_gcs_dag.py took 18.167 seconds
[2022-09-22 05:29:04,228] {processor.py:163} INFO - Started process (PID=157) to work on /opt/airflow/dags/data_ingestion_gcs_dag.py
[2022-09-22 05:29:04,513] {processor.py:642} INFO - Processing file /opt/airflow/dags/data_ingestion_gcs_dag.py for tasks to queue
[2022-09-22 05:29:04,637] {logging_mixin.py:109} INFO - [2022-09-22 05:29:04,637] {dagbag.py:500} INFO - Filling up the DagBag from /opt/airflow/dags/data_ingestion_gcs_dag.py
[2022-09-22 05:29:34,747] {logging_mixin.py:109} INFO - [2022-09-22 05:29:34,747] {timeout.py:36} ERROR - Process timed out, PID: 157
[2022-09-22 05:29:35,083] {logging_mixin.py:109} INFO - [2022-09-22 05:29:34,831] {dagbag.py:334} ERROR - Failed to import: /opt/airflow/dags/data_ingestion_gcs_dag.py
Traceback (most recent call last):
  File "/home/airflow/.local/lib/python3.7/site-packages/airflow/models/dagbag.py", line 331, in _load_modules_from_file
    loader.exec_module(new_module)
  File "<frozen importlib._bootstrap_external>", line 728, in exec_module
  File "<frozen importlib._bootstrap>", line 219, in _call_with_frames_removed
  File "/opt/airflow/dags/data_ingestion_gcs_dag.py", line 10, in <module>
    from airflow.providers.google.cloud.operators.bigquery import BigQueryCreateExternalTableOperator
  File "/home/airflow/.local/lib/python3.7/site-packages/airflow/providers/google/cloud/operators/bigquery.py", line 38, in <module>
    from airflow.providers.google.cloud.hooks.bigquery import BigQueryHook, BigQueryJob
  File "/home/airflow/.local/lib/python3.7/site-packages/airflow/providers/google/cloud/hooks/bigquery.py", line 46, in <module>
    from googleapiclient.discovery import Resource, build
  File "/home/airflow/.local/lib/python3.7/site-packages/googleapiclient/discovery.py", line 48, in <module>
    import httplib2
  File "/home/airflow/.local/lib/python3.7/site-packages/httplib2/__init__.py", line 52, in <module>
    from . import auth
  File "<frozen importlib._bootstrap>", line 983, in _find_and_load
  File "<frozen importlib._bootstrap>", line 967, in _find_and_load_unlocked
  File "<frozen importlib._bootstrap>", line 677, in _load_unlocked
  File "<frozen importlib._bootstrap_external>", line 724, in exec_module
  File "<frozen importlib._bootstrap_external>", line 828, in get_code
  File "/home/airflow/.local/lib/python3.7/site-packages/airflow/utils/timeout.py", line 37, in handle_timeout
    raise AirflowTaskTimeout(self.error_message)
airflow.exceptions.AirflowTaskTimeout: DagBag import timeout for /opt/airflow/dags/data_ingestion_gcs_dag.py after 30.0s.
Please take a look at these docs to improve your DAG import time:
* https://airflow.apache.org/docs/apache-airflow/2.2.3/best-practices.html#top-level-python-code
* https://airflow.apache.org/docs/apache-airflow/2.2.3/best-practices.html#reducing-dag-complexity, PID: 157
[2022-09-22 05:29:36,100] {processor.py:690} INFO - Deactivated 1 DAGs which are no longer present in /opt/airflow/dags/data_ingestion_gcs_dag.py
[2022-09-22 05:29:36,112] {processor.py:656} WARNING - No viable dags retrieved from /opt/airflow/dags/data_ingestion_gcs_dag.py
[2022-09-22 05:29:36,520] {processor.py:171} INFO - Processing /opt/airflow/dags/data_ingestion_gcs_dag.py took 32.584 seconds
[2022-09-22 05:30:08,042] {processor.py:163} INFO - Started process (PID=186) to work on /opt/airflow/dags/data_ingestion_gcs_dag.py
[2022-09-22 05:30:08,078] {processor.py:642} INFO - Processing file /opt/airflow/dags/data_ingestion_gcs_dag.py for tasks to queue
[2022-09-22 05:30:08,203] {logging_mixin.py:109} INFO - [2022-09-22 05:30:08,203] {dagbag.py:500} INFO - Filling up the DagBag from /opt/airflow/dags/data_ingestion_gcs_dag.py
[2022-09-22 05:30:38,422] {logging_mixin.py:109} INFO - [2022-09-22 05:30:38,421] {timeout.py:36} ERROR - Process timed out, PID: 186
[2022-09-22 05:30:39,923] {logging_mixin.py:109} INFO - [2022-09-22 05:30:38,467] {dagbag.py:334} ERROR - Failed to import: /opt/airflow/dags/data_ingestion_gcs_dag.py
Traceback (most recent call last):
  File "/home/airflow/.local/lib/python3.7/site-packages/airflow/models/dagbag.py", line 331, in _load_modules_from_file
    loader.exec_module(new_module)
  File "<frozen importlib._bootstrap_external>", line 728, in exec_module
  File "<frozen importlib._bootstrap>", line 219, in _call_with_frames_removed
  File "/opt/airflow/dags/data_ingestion_gcs_dag.py", line 10, in <module>
    from airflow.providers.google.cloud.operators.bigquery import BigQueryCreateExternalTableOperator
  File "/home/airflow/.local/lib/python3.7/site-packages/airflow/providers/google/cloud/operators/bigquery.py", line 38, in <module>
    from airflow.providers.google.cloud.hooks.bigquery import BigQueryHook, BigQueryJob
  File "/home/airflow/.local/lib/python3.7/site-packages/airflow/providers/google/cloud/hooks/bigquery.py", line 33, in <module>
    from google.cloud.bigquery import (
  File "/home/airflow/.local/lib/python3.7/site-packages/google/cloud/bigquery/__init__.py", line 35, in <module>
    from google.cloud.bigquery.client import Client
  File "/home/airflow/.local/lib/python3.7/site-packages/google/cloud/bigquery/client.py", line 61, in <module>
    from google.cloud.bigquery_storage_v1.services.big_query_read.client import (
  File "/home/airflow/.local/lib/python3.7/site-packages/google/cloud/bigquery_storage_v1/__init__.py", line 25, in <module>
    from google.cloud.bigquery_storage_v1 import client
  File "/home/airflow/.local/lib/python3.7/site-packages/google/cloud/bigquery_storage_v1/client.py", line 26, in <module>
    from google.cloud.bigquery_storage_v1 import reader
  File "/home/airflow/.local/lib/python3.7/site-packages/google/cloud/bigquery_storage_v1/reader.py", line 28, in <module>
    import pandas
  File "/home/airflow/.local/lib/python3.7/site-packages/pandas/__init__.py", line 50, in <module>
    from pandas.core.api import (
  File "/home/airflow/.local/lib/python3.7/site-packages/pandas/core/api.py", line 48, in <module>
    from pandas.core.groupby import (
  File "/home/airflow/.local/lib/python3.7/site-packages/pandas/core/groupby/__init__.py", line 1, in <module>
    from pandas.core.groupby.generic import (
  File "/home/airflow/.local/lib/python3.7/site-packages/pandas/core/groupby/generic.py", line 73, in <module>
    from pandas.core.frame import DataFrame
  File "/home/airflow/.local/lib/python3.7/site-packages/pandas/core/frame.py", line 193, in <module>
    from pandas.core.series import Series
  File "/home/airflow/.local/lib/python3.7/site-packages/pandas/core/series.py", line 195, in <module>
    class Series(base.IndexOpsMixin, generic.NDFrame):
  File "/home/airflow/.local/lib/python3.7/site-packages/pandas/core/series.py", line 4579, in Series
    def reindex(self, index=None, **kwargs):
  File "/home/airflow/.local/lib/python3.7/site-packages/pandas/util/_decorators.py", line 391, in decorator
    for component in docstring_components
  File "/home/airflow/.local/lib/python3.7/site-packages/pandas/util/_decorators.py", line 388, in <genexpr>
    component.format(**params)
  File "/home/airflow/.local/lib/python3.7/site-packages/airflow/utils/timeout.py", line 37, in handle_timeout
    raise AirflowTaskTimeout(self.error_message)
airflow.exceptions.AirflowTaskTimeout: DagBag import timeout for /opt/airflow/dags/data_ingestion_gcs_dag.py after 30.0s.
Please take a look at these docs to improve your DAG import time:
* https://airflow.apache.org/docs/apache-airflow/2.2.3/best-practices.html#top-level-python-code
* https://airflow.apache.org/docs/apache-airflow/2.2.3/best-practices.html#reducing-dag-complexity, PID: 186
[2022-09-22 05:30:40,840] {processor.py:656} WARNING - No viable dags retrieved from /opt/airflow/dags/data_ingestion_gcs_dag.py
[2022-09-22 05:30:41,124] {processor.py:171} INFO - Processing /opt/airflow/dags/data_ingestion_gcs_dag.py took 33.105 seconds
[2022-09-22 05:31:13,459] {processor.py:163} INFO - Started process (PID=216) to work on /opt/airflow/dags/data_ingestion_gcs_dag.py
[2022-09-22 05:31:13,533] {processor.py:642} INFO - Processing file /opt/airflow/dags/data_ingestion_gcs_dag.py for tasks to queue
[2022-09-22 05:31:13,602] {logging_mixin.py:109} INFO - [2022-09-22 05:31:13,602] {dagbag.py:500} INFO - Filling up the DagBag from /opt/airflow/dags/data_ingestion_gcs_dag.py
[2022-09-22 05:31:44,656] {logging_mixin.py:109} INFO - [2022-09-22 05:31:44,491] {timeout.py:36} ERROR - Process timed out, PID: 216
[2022-09-22 05:31:45,712] {logging_mixin.py:109} INFO - [2022-09-22 05:31:45,020] {dagbag.py:334} ERROR - Failed to import: /opt/airflow/dags/data_ingestion_gcs_dag.py
Traceback (most recent call last):
  File "/home/airflow/.local/lib/python3.7/site-packages/airflow/models/dagbag.py", line 331, in _load_modules_from_file
    loader.exec_module(new_module)
  File "<frozen importlib._bootstrap_external>", line 728, in exec_module
  File "<frozen importlib._bootstrap>", line 219, in _call_with_frames_removed
  File "/opt/airflow/dags/data_ingestion_gcs_dag.py", line 10, in <module>
    from airflow.providers.google.cloud.operators.bigquery import BigQueryCreateExternalTableOperator
  File "/home/airflow/.local/lib/python3.7/site-packages/airflow/providers/google/cloud/operators/bigquery.py", line 38, in <module>
    from airflow.providers.google.cloud.hooks.bigquery import BigQueryHook, BigQueryJob
  File "/home/airflow/.local/lib/python3.7/site-packages/airflow/providers/google/cloud/hooks/bigquery.py", line 33, in <module>
    from google.cloud.bigquery import (
  File "/home/airflow/.local/lib/python3.7/site-packages/google/cloud/bigquery/__init__.py", line 35, in <module>
    from google.cloud.bigquery.client import Client
  File "/home/airflow/.local/lib/python3.7/site-packages/google/cloud/bigquery/client.py", line 61, in <module>
    from google.cloud.bigquery_storage_v1.services.big_query_read.client import (
  File "/home/airflow/.local/lib/python3.7/site-packages/google/cloud/bigquery_storage_v1/__init__.py", line 25, in <module>
    from google.cloud.bigquery_storage_v1 import client
  File "/home/airflow/.local/lib/python3.7/site-packages/google/cloud/bigquery_storage_v1/client.py", line 26, in <module>
    from google.cloud.bigquery_storage_v1 import reader
  File "/home/airflow/.local/lib/python3.7/site-packages/google/cloud/bigquery_storage_v1/reader.py", line 28, in <module>
    import pandas
  File "/home/airflow/.local/lib/python3.7/site-packages/pandas/__init__.py", line 50, in <module>
    from pandas.core.api import (
  File "/home/airflow/.local/lib/python3.7/site-packages/pandas/core/api.py", line 29, in <module>
    from pandas.core.arrays import Categorical
  File "/home/airflow/.local/lib/python3.7/site-packages/pandas/core/arrays/__init__.py", line 8, in <module>
    from pandas.core.arrays.datetimes import DatetimeArray
  File "/home/airflow/.local/lib/python3.7/site-packages/pandas/core/arrays/datetimes.py", line 67, in <module>
    from pandas.core.arrays import (
  File "<frozen importlib._bootstrap>", line 983, in _find_and_load
  File "<frozen importlib._bootstrap>", line 967, in _find_and_load_unlocked
  File "<frozen importlib._bootstrap>", line 677, in _load_unlocked
  File "<frozen importlib._bootstrap_external>", line 724, in exec_module
  File "<frozen importlib._bootstrap_external>", line 857, in get_code
  File "<frozen importlib._bootstrap_external>", line 525, in _compile_bytecode
  File "/home/airflow/.local/lib/python3.7/site-packages/airflow/utils/timeout.py", line 37, in handle_timeout
    raise AirflowTaskTimeout(self.error_message)
airflow.exceptions.AirflowTaskTimeout: DagBag import timeout for /opt/airflow/dags/data_ingestion_gcs_dag.py after 30.0s.
Please take a look at these docs to improve your DAG import time:
* https://airflow.apache.org/docs/apache-airflow/2.2.3/best-practices.html#top-level-python-code
* https://airflow.apache.org/docs/apache-airflow/2.2.3/best-practices.html#reducing-dag-complexity, PID: 216
[2022-09-22 05:31:45,966] {processor.py:656} WARNING - No viable dags retrieved from /opt/airflow/dags/data_ingestion_gcs_dag.py
[2022-09-22 05:31:46,909] {processor.py:171} INFO - Processing /opt/airflow/dags/data_ingestion_gcs_dag.py took 33.625 seconds
[2022-09-22 05:32:18,518] {processor.py:163} INFO - Started process (PID=251) to work on /opt/airflow/dags/data_ingestion_gcs_dag.py
[2022-09-22 05:32:18,627] {processor.py:642} INFO - Processing file /opt/airflow/dags/data_ingestion_gcs_dag.py for tasks to queue
[2022-09-22 05:32:18,699] {logging_mixin.py:109} INFO - [2022-09-22 05:32:18,698] {dagbag.py:500} INFO - Filling up the DagBag from /opt/airflow/dags/data_ingestion_gcs_dag.py
[2022-09-22 05:32:48,923] {logging_mixin.py:109} INFO - [2022-09-22 05:32:48,922] {timeout.py:36} ERROR - Process timed out, PID: 251
[2022-09-22 05:33:24,336] {processor.py:163} INFO - Started process (PID=281) to work on /opt/airflow/dags/data_ingestion_gcs_dag.py
[2022-09-22 05:33:24,357] {processor.py:642} INFO - Processing file /opt/airflow/dags/data_ingestion_gcs_dag.py for tasks to queue
[2022-09-22 05:33:24,371] {logging_mixin.py:109} INFO - [2022-09-22 05:33:24,368] {dagbag.py:500} INFO - Filling up the DagBag from /opt/airflow/dags/data_ingestion_gcs_dag.py
[2022-09-22 05:33:55,229] {logging_mixin.py:109} INFO - [2022-09-22 05:33:55,226] {timeout.py:36} ERROR - Process timed out, PID: 281
[2022-09-22 05:33:55,791] {logging_mixin.py:109} INFO - [2022-09-22 05:33:55,477] {dagbag.py:334} ERROR - Failed to import: /opt/airflow/dags/data_ingestion_gcs_dag.py
Traceback (most recent call last):
  File "/home/airflow/.local/lib/python3.7/site-packages/airflow/models/dagbag.py", line 331, in _load_modules_from_file
    loader.exec_module(new_module)
  File "<frozen importlib._bootstrap_external>", line 728, in exec_module
  File "<frozen importlib._bootstrap>", line 219, in _call_with_frames_removed
  File "/opt/airflow/dags/data_ingestion_gcs_dag.py", line 10, in <module>
    from airflow.providers.google.cloud.operators.bigquery import BigQueryCreateExternalTableOperator
  File "/home/airflow/.local/lib/python3.7/site-packages/airflow/providers/google/cloud/operators/bigquery.py", line 38, in <module>
    from airflow.providers.google.cloud.hooks.bigquery import BigQueryHook, BigQueryJob
  File "/home/airflow/.local/lib/python3.7/site-packages/airflow/providers/google/cloud/hooks/bigquery.py", line 33, in <module>
    from google.cloud.bigquery import (
  File "/home/airflow/.local/lib/python3.7/site-packages/google/cloud/bigquery/__init__.py", line 35, in <module>
    from google.cloud.bigquery.client import Client
  File "/home/airflow/.local/lib/python3.7/site-packages/google/cloud/bigquery/client.py", line 61, in <module>
    from google.cloud.bigquery_storage_v1.services.big_query_read.client import (
  File "/home/airflow/.local/lib/python3.7/site-packages/google/cloud/bigquery_storage_v1/__init__.py", line 25, in <module>
    from google.cloud.bigquery_storage_v1 import client
  File "/home/airflow/.local/lib/python3.7/site-packages/google/cloud/bigquery_storage_v1/client.py", line 26, in <module>
    from google.cloud.bigquery_storage_v1 import reader
  File "/home/airflow/.local/lib/python3.7/site-packages/google/cloud/bigquery_storage_v1/reader.py", line 28, in <module>
    import pandas
  File "/home/airflow/.local/lib/python3.7/site-packages/pandas/__init__.py", line 50, in <module>
    from pandas.core.api import (
  File "/home/airflow/.local/lib/python3.7/site-packages/pandas/core/api.py", line 29, in <module>
    from pandas.core.arrays import Categorical
  File "/home/airflow/.local/lib/python3.7/site-packages/pandas/core/arrays/__init__.py", line 1, in <module>
    from pandas.core.arrays.base import (
  File "/home/airflow/.local/lib/python3.7/site-packages/pandas/core/arrays/base.py", line 60, in <module>
    from pandas.core import (
  File "/home/airflow/.local/lib/python3.7/site-packages/pandas/core/ops/__init__.py", line 32, in <module>
    from pandas.core.ops.array_ops import (  # noqa:F401
  File "/home/airflow/.local/lib/python3.7/site-packages/pandas/core/ops/array_ops.py", line 12, in <module>
    from pandas._libs import (
  File "pandas/_libs/ops.pyx", line 1, in init pandas._libs.ops
  File "<frozen importlib._bootstrap>", line 194, in _lock_unlock_module
  File "/home/airflow/.local/lib/python3.7/site-packages/airflow/utils/timeout.py", line 37, in handle_timeout
    raise AirflowTaskTimeout(self.error_message)
airflow.exceptions.AirflowTaskTimeout: DagBag import timeout for /opt/airflow/dags/data_ingestion_gcs_dag.py after 30.0s.
Please take a look at these docs to improve your DAG import time:
* https://airflow.apache.org/docs/apache-airflow/2.2.3/best-practices.html#top-level-python-code
* https://airflow.apache.org/docs/apache-airflow/2.2.3/best-practices.html#reducing-dag-complexity, PID: 281
[2022-09-22 05:33:56,256] {processor.py:656} WARNING - No viable dags retrieved from /opt/airflow/dags/data_ingestion_gcs_dag.py
[2022-09-22 05:33:57,380] {processor.py:171} INFO - Processing /opt/airflow/dags/data_ingestion_gcs_dag.py took 33.532 seconds
[2022-09-22 05:34:29,565] {processor.py:163} INFO - Started process (PID=311) to work on /opt/airflow/dags/data_ingestion_gcs_dag.py
[2022-09-22 05:34:29,805] {processor.py:642} INFO - Processing file /opt/airflow/dags/data_ingestion_gcs_dag.py for tasks to queue
[2022-09-22 05:34:29,808] {logging_mixin.py:109} INFO - [2022-09-22 05:34:29,807] {dagbag.py:500} INFO - Filling up the DagBag from /opt/airflow/dags/data_ingestion_gcs_dag.py
[2022-09-22 05:35:00,041] {logging_mixin.py:109} INFO - [2022-09-22 05:35:00,039] {timeout.py:36} ERROR - Process timed out, PID: 311
[2022-09-22 05:35:06,355] {logging_mixin.py:109} INFO - [2022-09-22 05:35:05,172] {dagbag.py:334} ERROR - Failed to import: /opt/airflow/dags/data_ingestion_gcs_dag.py
Traceback (most recent call last):
  File "/home/airflow/.local/lib/python3.7/site-packages/airflow/models/dagbag.py", line 331, in _load_modules_from_file
    loader.exec_module(new_module)
  File "<frozen importlib._bootstrap_external>", line 728, in exec_module
  File "<frozen importlib._bootstrap>", line 219, in _call_with_frames_removed
  File "/opt/airflow/dags/data_ingestion_gcs_dag.py", line 10, in <module>
    from airflow.providers.google.cloud.operators.bigquery import BigQueryCreateExternalTableOperator
  File "/home/airflow/.local/lib/python3.7/site-packages/airflow/providers/google/cloud/operators/bigquery.py", line 38, in <module>
    from airflow.providers.google.cloud.hooks.bigquery import BigQueryHook, BigQueryJob
  File "/home/airflow/.local/lib/python3.7/site-packages/airflow/providers/google/cloud/hooks/bigquery.py", line 33, in <module>
    from google.cloud.bigquery import (
  File "/home/airflow/.local/lib/python3.7/site-packages/google/cloud/bigquery/__init__.py", line 35, in <module>
    from google.cloud.bigquery.client import Client
  File "/home/airflow/.local/lib/python3.7/site-packages/google/cloud/bigquery/client.py", line 61, in <module>
    from google.cloud.bigquery_storage_v1.services.big_query_read.client import (
  File "/home/airflow/.local/lib/python3.7/site-packages/google/cloud/bigquery_storage_v1/__init__.py", line 25, in <module>
    from google.cloud.bigquery_storage_v1 import client
  File "/home/airflow/.local/lib/python3.7/site-packages/google/cloud/bigquery_storage_v1/client.py", line 26, in <module>
    from google.cloud.bigquery_storage_v1 import reader
  File "/home/airflow/.local/lib/python3.7/site-packages/google/cloud/bigquery_storage_v1/reader.py", line 28, in <module>
    import pandas
  File "/home/airflow/.local/lib/python3.7/site-packages/pandas/__init__.py", line 22, in <module>
    from pandas.compat import (
  File "/home/airflow/.local/lib/python3.7/site-packages/pandas/compat/__init__.py", line 15, in <module>
    from pandas.compat.numpy import (
  File "/home/airflow/.local/lib/python3.7/site-packages/pandas/compat/numpy/__init__.py", line 7, in <module>
    from pandas.util.version import Version
  File "/home/airflow/.local/lib/python3.7/site-packages/pandas/util/__init__.py", line 1, in <module>
    from pandas.util._decorators import (  # noqa
  File "/home/airflow/.local/lib/python3.7/site-packages/pandas/util/_decorators.py", line 14, in <module>
    from pandas._libs.properties import cache_readonly  # noqa
  File "/home/airflow/.local/lib/python3.7/site-packages/pandas/_libs/__init__.py", line 13, in <module>
    from pandas._libs.interval import Interval
  File "pandas/_libs/interval.pyx", line 1, in init pandas._libs.interval
  File "pandas/_libs/hashtable.pyx", line 1, in init pandas._libs.hashtable
  File "pandas/_libs/missing.pyx", line 1, in init pandas._libs.missing
  File "/home/airflow/.local/lib/python3.7/site-packages/pandas/_libs/tslibs/__init__.py", line 30, in <module>
    from pandas._libs.tslibs import dtypes
  File "<frozen importlib._bootstrap>", line 1019, in _handle_fromlist
  File "/home/airflow/.local/lib/python3.7/site-packages/airflow/utils/timeout.py", line 37, in handle_timeout
    raise AirflowTaskTimeout(self.error_message)
airflow.exceptions.AirflowTaskTimeout: DagBag import timeout for /opt/airflow/dags/data_ingestion_gcs_dag.py after 30.0s.
Please take a look at these docs to improve your DAG import time:
* https://airflow.apache.org/docs/apache-airflow/2.2.3/best-practices.html#top-level-python-code
* https://airflow.apache.org/docs/apache-airflow/2.2.3/best-practices.html#reducing-dag-complexity, PID: 311
[2022-09-22 05:35:07,778] {processor.py:656} WARNING - No viable dags retrieved from /opt/airflow/dags/data_ingestion_gcs_dag.py
[2022-09-22 05:35:08,426] {processor.py:171} INFO - Processing /opt/airflow/dags/data_ingestion_gcs_dag.py took 39.107 seconds
[2022-09-22 23:35:49,192] {processor.py:163} INFO - Started process (PID=79) to work on /opt/airflow/dags/data_ingestion_gcs_dag.py
[2022-09-22 23:35:49,237] {processor.py:642} INFO - Processing file /opt/airflow/dags/data_ingestion_gcs_dag.py for tasks to queue
[2022-09-22 23:35:49,245] {logging_mixin.py:109} INFO - [2022-09-22 23:35:49,244] {dagbag.py:500} INFO - Filling up the DagBag from /opt/airflow/dags/data_ingestion_gcs_dag.py
[2022-09-22 23:36:18,634] {processor.py:654} INFO - DAG(s) dict_keys(['data_ingestion_gcs_dag']) retrieved from /opt/airflow/dags/data_ingestion_gcs_dag.py
[2022-09-22 23:36:42,551] {processor.py:163} INFO - Started process (PID=110) to work on /opt/airflow/dags/data_ingestion_gcs_dag.py
[2022-09-22 23:36:42,566] {processor.py:642} INFO - Processing file /opt/airflow/dags/data_ingestion_gcs_dag.py for tasks to queue
[2022-09-22 23:36:42,578] {logging_mixin.py:109} INFO - [2022-09-22 23:36:42,578] {dagbag.py:500} INFO - Filling up the DagBag from /opt/airflow/dags/data_ingestion_gcs_dag.py
[2022-09-22 23:36:52,839] {processor.py:654} INFO - DAG(s) dict_keys(['data_ingestion_gcs_dag']) retrieved from /opt/airflow/dags/data_ingestion_gcs_dag.py
[2022-09-22 23:37:24,144] {logging_mixin.py:109} INFO - [2022-09-22 23:37:24,144] {manager.py:496} INFO - Created Permission View: can edit on DAG:data_ingestion_gcs_dag
[2022-09-22 23:37:24,218] {logging_mixin.py:109} INFO - [2022-09-22 23:37:24,218] {manager.py:496} INFO - Created Permission View: can read on DAG:data_ingestion_gcs_dag
[2022-09-22 23:37:24,224] {logging_mixin.py:109} INFO - [2022-09-22 23:37:24,224] {dag.py:2396} INFO - Sync 1 DAGs
[2022-09-22 23:37:24,445] {logging_mixin.py:109} INFO - [2022-09-22 23:37:24,443] {dag.py:2415} INFO - Creating ORM DAG for data_ingestion_gcs_dag
[2022-09-22 23:37:24,527] {logging_mixin.py:109} INFO - [2022-09-22 23:37:24,527] {dag.py:2935} INFO - Setting next_dagrun for data_ingestion_gcs_dag to 2022-09-21 00:00:00+00:00
[2022-09-22 23:37:24,628] {processor.py:171} INFO - Processing /opt/airflow/dags/data_ingestion_gcs_dag.py took 42.120 seconds
[2022-09-22 23:37:55,232] {processor.py:163} INFO - Started process (PID=149) to work on /opt/airflow/dags/data_ingestion_gcs_dag.py
[2022-09-22 23:37:55,285] {processor.py:642} INFO - Processing file /opt/airflow/dags/data_ingestion_gcs_dag.py for tasks to queue
[2022-09-22 23:37:55,349] {logging_mixin.py:109} INFO - [2022-09-22 23:37:55,305] {dagbag.py:500} INFO - Filling up the DagBag from /opt/airflow/dags/data_ingestion_gcs_dag.py
[2022-09-22 23:37:59,268] {processor.py:654} INFO - DAG(s) dict_keys(['data_ingestion_gcs_dag']) retrieved from /opt/airflow/dags/data_ingestion_gcs_dag.py
[2022-09-22 23:37:59,301] {logging_mixin.py:109} INFO - [2022-09-22 23:37:59,298] {dag.py:2396} INFO - Sync 1 DAGs
[2022-09-22 23:37:59,331] {logging_mixin.py:109} INFO - [2022-09-22 23:37:59,331] {dag.py:2935} INFO - Setting next_dagrun for data_ingestion_gcs_dag to 2022-09-21 00:00:00+00:00
[2022-09-22 23:37:59,380] {processor.py:171} INFO - Processing /opt/airflow/dags/data_ingestion_gcs_dag.py took 4.154 seconds
[2022-09-22 23:38:29,753] {processor.py:163} INFO - Started process (PID=170) to work on /opt/airflow/dags/data_ingestion_gcs_dag.py
[2022-09-22 23:38:29,775] {processor.py:642} INFO - Processing file /opt/airflow/dags/data_ingestion_gcs_dag.py for tasks to queue
[2022-09-22 23:38:29,778] {logging_mixin.py:109} INFO - [2022-09-22 23:38:29,777] {dagbag.py:500} INFO - Filling up the DagBag from /opt/airflow/dags/data_ingestion_gcs_dag.py
[2022-09-22 23:38:33,272] {processor.py:654} INFO - DAG(s) dict_keys(['data_ingestion_gcs_dag']) retrieved from /opt/airflow/dags/data_ingestion_gcs_dag.py
[2022-09-22 23:38:33,297] {logging_mixin.py:109} INFO - [2022-09-22 23:38:33,296] {dag.py:2396} INFO - Sync 1 DAGs
[2022-09-22 23:38:33,368] {logging_mixin.py:109} INFO - [2022-09-22 23:38:33,368] {dag.py:2935} INFO - Setting next_dagrun for data_ingestion_gcs_dag to 2022-09-21 00:00:00+00:00
[2022-09-22 23:38:33,421] {processor.py:171} INFO - Processing /opt/airflow/dags/data_ingestion_gcs_dag.py took 3.675 seconds
[2022-09-22 23:39:03,850] {processor.py:163} INFO - Started process (PID=192) to work on /opt/airflow/dags/data_ingestion_gcs_dag.py
[2022-09-22 23:39:03,861] {processor.py:642} INFO - Processing file /opt/airflow/dags/data_ingestion_gcs_dag.py for tasks to queue
[2022-09-22 23:39:03,864] {logging_mixin.py:109} INFO - [2022-09-22 23:39:03,864] {dagbag.py:500} INFO - Filling up the DagBag from /opt/airflow/dags/data_ingestion_gcs_dag.py
[2022-09-22 23:39:07,202] {processor.py:654} INFO - DAG(s) dict_keys(['data_ingestion_gcs_dag']) retrieved from /opt/airflow/dags/data_ingestion_gcs_dag.py
[2022-09-22 23:39:07,222] {logging_mixin.py:109} INFO - [2022-09-22 23:39:07,221] {dag.py:2396} INFO - Sync 1 DAGs
[2022-09-22 23:39:07,264] {logging_mixin.py:109} INFO - [2022-09-22 23:39:07,263] {dag.py:2935} INFO - Setting next_dagrun for data_ingestion_gcs_dag to 2022-09-21 00:00:00+00:00
[2022-09-22 23:39:07,292] {processor.py:171} INFO - Processing /opt/airflow/dags/data_ingestion_gcs_dag.py took 3.459 seconds
[2022-09-22 23:39:37,409] {processor.py:163} INFO - Started process (PID=213) to work on /opt/airflow/dags/data_ingestion_gcs_dag.py
[2022-09-22 23:39:37,423] {processor.py:642} INFO - Processing file /opt/airflow/dags/data_ingestion_gcs_dag.py for tasks to queue
[2022-09-22 23:39:37,425] {logging_mixin.py:109} INFO - [2022-09-22 23:39:37,425] {dagbag.py:500} INFO - Filling up the DagBag from /opt/airflow/dags/data_ingestion_gcs_dag.py
[2022-09-22 23:39:40,517] {processor.py:654} INFO - DAG(s) dict_keys(['data_ingestion_gcs_dag']) retrieved from /opt/airflow/dags/data_ingestion_gcs_dag.py
[2022-09-22 23:39:40,569] {logging_mixin.py:109} INFO - [2022-09-22 23:39:40,568] {dag.py:2396} INFO - Sync 1 DAGs
[2022-09-22 23:39:40,612] {logging_mixin.py:109} INFO - [2022-09-22 23:39:40,611] {dag.py:2935} INFO - Setting next_dagrun for data_ingestion_gcs_dag to 2022-09-21 00:00:00+00:00
[2022-09-22 23:39:40,662] {processor.py:171} INFO - Processing /opt/airflow/dags/data_ingestion_gcs_dag.py took 3.260 seconds
[2022-09-22 23:40:10,768] {processor.py:163} INFO - Started process (PID=234) to work on /opt/airflow/dags/data_ingestion_gcs_dag.py
[2022-09-22 23:40:10,783] {processor.py:642} INFO - Processing file /opt/airflow/dags/data_ingestion_gcs_dag.py for tasks to queue
[2022-09-22 23:40:10,810] {logging_mixin.py:109} INFO - [2022-09-22 23:40:10,810] {dagbag.py:500} INFO - Filling up the DagBag from /opt/airflow/dags/data_ingestion_gcs_dag.py
[2022-09-22 23:40:14,835] {processor.py:654} INFO - DAG(s) dict_keys(['data_ingestion_gcs_dag']) retrieved from /opt/airflow/dags/data_ingestion_gcs_dag.py
[2022-09-22 23:40:14,877] {logging_mixin.py:109} INFO - [2022-09-22 23:40:14,876] {dag.py:2396} INFO - Sync 1 DAGs
[2022-09-22 23:40:14,948] {logging_mixin.py:109} INFO - [2022-09-22 23:40:14,948] {dag.py:2935} INFO - Setting next_dagrun for data_ingestion_gcs_dag to 2022-09-21 00:00:00+00:00
[2022-09-22 23:40:15,003] {processor.py:171} INFO - Processing /opt/airflow/dags/data_ingestion_gcs_dag.py took 4.242 seconds
[2022-09-22 23:40:45,605] {processor.py:163} INFO - Started process (PID=255) to work on /opt/airflow/dags/data_ingestion_gcs_dag.py
[2022-09-22 23:40:45,608] {processor.py:642} INFO - Processing file /opt/airflow/dags/data_ingestion_gcs_dag.py for tasks to queue
[2022-09-22 23:40:45,611] {logging_mixin.py:109} INFO - [2022-09-22 23:40:45,610] {dagbag.py:500} INFO - Filling up the DagBag from /opt/airflow/dags/data_ingestion_gcs_dag.py
[2022-09-22 23:40:48,624] {processor.py:654} INFO - DAG(s) dict_keys(['data_ingestion_gcs_dag']) retrieved from /opt/airflow/dags/data_ingestion_gcs_dag.py
[2022-09-22 23:40:48,664] {logging_mixin.py:109} INFO - [2022-09-22 23:40:48,664] {dag.py:2396} INFO - Sync 1 DAGs
[2022-09-22 23:40:48,721] {logging_mixin.py:109} INFO - [2022-09-22 23:40:48,721] {dag.py:2935} INFO - Setting next_dagrun for data_ingestion_gcs_dag to 2022-09-21 00:00:00+00:00
[2022-09-22 23:40:48,784] {processor.py:171} INFO - Processing /opt/airflow/dags/data_ingestion_gcs_dag.py took 3.196 seconds
[2022-09-22 23:41:18,953] {processor.py:163} INFO - Started process (PID=277) to work on /opt/airflow/dags/data_ingestion_gcs_dag.py
[2022-09-22 23:41:18,959] {processor.py:642} INFO - Processing file /opt/airflow/dags/data_ingestion_gcs_dag.py for tasks to queue
[2022-09-22 23:41:18,964] {logging_mixin.py:109} INFO - [2022-09-22 23:41:18,964] {dagbag.py:500} INFO - Filling up the DagBag from /opt/airflow/dags/data_ingestion_gcs_dag.py
[2022-09-22 23:41:25,895] {processor.py:654} INFO - DAG(s) dict_keys(['data_ingestion_gcs_dag']) retrieved from /opt/airflow/dags/data_ingestion_gcs_dag.py
[2022-09-22 23:41:25,969] {logging_mixin.py:109} INFO - [2022-09-22 23:41:25,968] {dag.py:2396} INFO - Sync 1 DAGs
[2022-09-22 23:41:26,044] {logging_mixin.py:109} INFO - [2022-09-22 23:41:26,043] {dag.py:2935} INFO - Setting next_dagrun for data_ingestion_gcs_dag to 2022-09-21 00:00:00+00:00
[2022-09-22 23:41:26,144] {processor.py:171} INFO - Processing /opt/airflow/dags/data_ingestion_gcs_dag.py took 7.199 seconds
[2022-09-22 23:41:57,012] {processor.py:163} INFO - Started process (PID=298) to work on /opt/airflow/dags/data_ingestion_gcs_dag.py
[2022-09-22 23:41:57,024] {processor.py:642} INFO - Processing file /opt/airflow/dags/data_ingestion_gcs_dag.py for tasks to queue
[2022-09-22 23:41:57,028] {logging_mixin.py:109} INFO - [2022-09-22 23:41:57,027] {dagbag.py:500} INFO - Filling up the DagBag from /opt/airflow/dags/data_ingestion_gcs_dag.py
[2022-09-22 23:41:59,291] {processor.py:654} INFO - DAG(s) dict_keys(['data_ingestion_gcs_dag']) retrieved from /opt/airflow/dags/data_ingestion_gcs_dag.py
[2022-09-22 23:41:59,311] {logging_mixin.py:109} INFO - [2022-09-22 23:41:59,311] {dag.py:2396} INFO - Sync 1 DAGs
[2022-09-22 23:41:59,345] {logging_mixin.py:109} INFO - [2022-09-22 23:41:59,345] {dag.py:2935} INFO - Setting next_dagrun for data_ingestion_gcs_dag to 2022-09-21 00:00:00+00:00
[2022-09-22 23:41:59,384] {processor.py:171} INFO - Processing /opt/airflow/dags/data_ingestion_gcs_dag.py took 2.398 seconds
[2022-09-22 23:42:29,760] {processor.py:163} INFO - Started process (PID=319) to work on /opt/airflow/dags/data_ingestion_gcs_dag.py
[2022-09-22 23:42:29,763] {processor.py:642} INFO - Processing file /opt/airflow/dags/data_ingestion_gcs_dag.py for tasks to queue
[2022-09-22 23:42:29,765] {logging_mixin.py:109} INFO - [2022-09-22 23:42:29,765] {dagbag.py:500} INFO - Filling up the DagBag from /opt/airflow/dags/data_ingestion_gcs_dag.py
[2022-09-22 23:42:34,124] {processor.py:654} INFO - DAG(s) dict_keys(['data_ingestion_gcs_dag']) retrieved from /opt/airflow/dags/data_ingestion_gcs_dag.py
[2022-09-22 23:42:34,177] {logging_mixin.py:109} INFO - [2022-09-22 23:42:34,176] {dag.py:2396} INFO - Sync 1 DAGs
[2022-09-22 23:42:34,211] {logging_mixin.py:109} INFO - [2022-09-22 23:42:34,211] {dag.py:2935} INFO - Setting next_dagrun for data_ingestion_gcs_dag to 2022-09-21 00:00:00+00:00
[2022-09-22 23:42:34,246] {processor.py:171} INFO - Processing /opt/airflow/dags/data_ingestion_gcs_dag.py took 4.506 seconds
[2022-09-22 23:43:05,095] {processor.py:163} INFO - Started process (PID=341) to work on /opt/airflow/dags/data_ingestion_gcs_dag.py
[2022-09-22 23:43:05,097] {processor.py:642} INFO - Processing file /opt/airflow/dags/data_ingestion_gcs_dag.py for tasks to queue
[2022-09-22 23:43:05,100] {logging_mixin.py:109} INFO - [2022-09-22 23:43:05,100] {dagbag.py:500} INFO - Filling up the DagBag from /opt/airflow/dags/data_ingestion_gcs_dag.py
[2022-09-22 23:43:06,518] {processor.py:654} INFO - DAG(s) dict_keys(['data_ingestion_gcs_dag']) retrieved from /opt/airflow/dags/data_ingestion_gcs_dag.py
[2022-09-22 23:43:06,542] {logging_mixin.py:109} INFO - [2022-09-22 23:43:06,542] {dag.py:2396} INFO - Sync 1 DAGs
[2022-09-22 23:43:06,603] {logging_mixin.py:109} INFO - [2022-09-22 23:43:06,603] {dag.py:2935} INFO - Setting next_dagrun for data_ingestion_gcs_dag to 2022-09-21 00:00:00+00:00
[2022-09-22 23:43:06,627] {processor.py:171} INFO - Processing /opt/airflow/dags/data_ingestion_gcs_dag.py took 1.542 seconds
[2022-09-22 23:43:37,182] {processor.py:163} INFO - Started process (PID=362) to work on /opt/airflow/dags/data_ingestion_gcs_dag.py
[2022-09-22 23:43:37,185] {processor.py:642} INFO - Processing file /opt/airflow/dags/data_ingestion_gcs_dag.py for tasks to queue
[2022-09-22 23:43:37,187] {logging_mixin.py:109} INFO - [2022-09-22 23:43:37,187] {dagbag.py:500} INFO - Filling up the DagBag from /opt/airflow/dags/data_ingestion_gcs_dag.py
[2022-09-22 23:43:38,601] {processor.py:654} INFO - DAG(s) dict_keys(['data_ingestion_gcs_dag']) retrieved from /opt/airflow/dags/data_ingestion_gcs_dag.py
[2022-09-22 23:43:38,617] {logging_mixin.py:109} INFO - [2022-09-22 23:43:38,616] {dag.py:2396} INFO - Sync 1 DAGs
[2022-09-22 23:43:38,647] {logging_mixin.py:109} INFO - [2022-09-22 23:43:38,647] {dag.py:2935} INFO - Setting next_dagrun for data_ingestion_gcs_dag to 2022-09-21 00:00:00+00:00
[2022-09-22 23:43:38,676] {processor.py:171} INFO - Processing /opt/airflow/dags/data_ingestion_gcs_dag.py took 1.502 seconds
[2022-09-22 23:44:08,992] {processor.py:163} INFO - Started process (PID=384) to work on /opt/airflow/dags/data_ingestion_gcs_dag.py
[2022-09-22 23:44:08,996] {processor.py:642} INFO - Processing file /opt/airflow/dags/data_ingestion_gcs_dag.py for tasks to queue
[2022-09-22 23:44:09,001] {logging_mixin.py:109} INFO - [2022-09-22 23:44:09,001] {dagbag.py:500} INFO - Filling up the DagBag from /opt/airflow/dags/data_ingestion_gcs_dag.py
[2022-09-22 23:44:10,686] {processor.py:654} INFO - DAG(s) dict_keys(['data_ingestion_gcs_dag']) retrieved from /opt/airflow/dags/data_ingestion_gcs_dag.py
[2022-09-22 23:44:10,702] {logging_mixin.py:109} INFO - [2022-09-22 23:44:10,702] {dag.py:2396} INFO - Sync 1 DAGs
[2022-09-22 23:44:10,731] {logging_mixin.py:109} INFO - [2022-09-22 23:44:10,731] {dag.py:2935} INFO - Setting next_dagrun for data_ingestion_gcs_dag to 2022-09-21 00:00:00+00:00
[2022-09-22 23:44:10,752] {processor.py:171} INFO - Processing /opt/airflow/dags/data_ingestion_gcs_dag.py took 1.768 seconds
[2022-09-22 23:44:41,181] {processor.py:163} INFO - Started process (PID=405) to work on /opt/airflow/dags/data_ingestion_gcs_dag.py
[2022-09-22 23:44:41,185] {processor.py:642} INFO - Processing file /opt/airflow/dags/data_ingestion_gcs_dag.py for tasks to queue
[2022-09-22 23:44:41,186] {logging_mixin.py:109} INFO - [2022-09-22 23:44:41,186] {dagbag.py:500} INFO - Filling up the DagBag from /opt/airflow/dags/data_ingestion_gcs_dag.py
[2022-09-22 23:44:44,386] {processor.py:654} INFO - DAG(s) dict_keys(['data_ingestion_gcs_dag']) retrieved from /opt/airflow/dags/data_ingestion_gcs_dag.py
[2022-09-22 23:44:44,434] {logging_mixin.py:109} INFO - [2022-09-22 23:44:44,433] {dag.py:2396} INFO - Sync 1 DAGs
[2022-09-22 23:44:44,509] {logging_mixin.py:109} INFO - [2022-09-22 23:44:44,509] {dag.py:2935} INFO - Setting next_dagrun for data_ingestion_gcs_dag to 2022-09-21 00:00:00+00:00
[2022-09-22 23:44:44,569] {processor.py:171} INFO - Processing /opt/airflow/dags/data_ingestion_gcs_dag.py took 3.395 seconds
[2022-09-22 23:45:14,922] {processor.py:163} INFO - Started process (PID=434) to work on /opt/airflow/dags/data_ingestion_gcs_dag.py
[2022-09-22 23:45:14,935] {processor.py:642} INFO - Processing file /opt/airflow/dags/data_ingestion_gcs_dag.py for tasks to queue
[2022-09-22 23:45:14,936] {logging_mixin.py:109} INFO - [2022-09-22 23:45:14,936] {dagbag.py:500} INFO - Filling up the DagBag from /opt/airflow/dags/data_ingestion_gcs_dag.py
[2022-09-22 23:45:18,632] {processor.py:654} INFO - DAG(s) dict_keys(['data_ingestion_gcs_dag']) retrieved from /opt/airflow/dags/data_ingestion_gcs_dag.py
[2022-09-22 23:45:18,669] {logging_mixin.py:109} INFO - [2022-09-22 23:45:18,669] {dag.py:2396} INFO - Sync 1 DAGs
[2022-09-22 23:45:18,717] {logging_mixin.py:109} INFO - [2022-09-22 23:45:18,717] {dag.py:2935} INFO - Setting next_dagrun for data_ingestion_gcs_dag to 2022-09-21 00:00:00+00:00
[2022-09-22 23:45:18,778] {processor.py:171} INFO - Processing /opt/airflow/dags/data_ingestion_gcs_dag.py took 3.863 seconds
[2022-09-22 23:45:49,212] {processor.py:163} INFO - Started process (PID=456) to work on /opt/airflow/dags/data_ingestion_gcs_dag.py
[2022-09-22 23:45:49,232] {processor.py:642} INFO - Processing file /opt/airflow/dags/data_ingestion_gcs_dag.py for tasks to queue
[2022-09-22 23:45:49,234] {logging_mixin.py:109} INFO - [2022-09-22 23:45:49,234] {dagbag.py:500} INFO - Filling up the DagBag from /opt/airflow/dags/data_ingestion_gcs_dag.py
[2022-09-22 23:45:52,746] {processor.py:654} INFO - DAG(s) dict_keys(['data_ingestion_gcs_dag']) retrieved from /opt/airflow/dags/data_ingestion_gcs_dag.py
[2022-09-22 23:45:52,766] {logging_mixin.py:109} INFO - [2022-09-22 23:45:52,765] {dag.py:2396} INFO - Sync 1 DAGs
[2022-09-22 23:45:52,797] {logging_mixin.py:109} INFO - [2022-09-22 23:45:52,797] {dag.py:2935} INFO - Setting next_dagrun for data_ingestion_gcs_dag to 2022-09-21 00:00:00+00:00
[2022-09-22 23:45:52,825] {processor.py:171} INFO - Processing /opt/airflow/dags/data_ingestion_gcs_dag.py took 3.620 seconds
[2022-09-22 23:46:23,360] {processor.py:163} INFO - Started process (PID=477) to work on /opt/airflow/dags/data_ingestion_gcs_dag.py
[2022-09-22 23:46:23,366] {processor.py:642} INFO - Processing file /opt/airflow/dags/data_ingestion_gcs_dag.py for tasks to queue
[2022-09-22 23:46:23,370] {logging_mixin.py:109} INFO - [2022-09-22 23:46:23,370] {dagbag.py:500} INFO - Filling up the DagBag from /opt/airflow/dags/data_ingestion_gcs_dag.py
[2022-09-22 23:46:27,884] {processor.py:654} INFO - DAG(s) dict_keys(['data_ingestion_gcs_dag']) retrieved from /opt/airflow/dags/data_ingestion_gcs_dag.py
[2022-09-22 23:46:27,921] {logging_mixin.py:109} INFO - [2022-09-22 23:46:27,920] {dag.py:2396} INFO - Sync 1 DAGs
[2022-09-22 23:46:27,967] {logging_mixin.py:109} INFO - [2022-09-22 23:46:27,967] {dag.py:2935} INFO - Setting next_dagrun for data_ingestion_gcs_dag to 2022-09-21 00:00:00+00:00
[2022-09-22 23:46:28,005] {processor.py:171} INFO - Processing /opt/airflow/dags/data_ingestion_gcs_dag.py took 4.666 seconds
[2022-09-22 23:46:58,615] {processor.py:163} INFO - Started process (PID=497) to work on /opt/airflow/dags/data_ingestion_gcs_dag.py
[2022-09-22 23:46:58,618] {processor.py:642} INFO - Processing file /opt/airflow/dags/data_ingestion_gcs_dag.py for tasks to queue
[2022-09-22 23:46:58,620] {logging_mixin.py:109} INFO - [2022-09-22 23:46:58,620] {dagbag.py:500} INFO - Filling up the DagBag from /opt/airflow/dags/data_ingestion_gcs_dag.py
[2022-09-22 23:47:03,223] {processor.py:654} INFO - DAG(s) dict_keys(['data_ingestion_gcs_dag']) retrieved from /opt/airflow/dags/data_ingestion_gcs_dag.py
[2022-09-22 23:47:03,287] {logging_mixin.py:109} INFO - [2022-09-22 23:47:03,286] {dag.py:2396} INFO - Sync 1 DAGs
[2022-09-22 23:47:03,396] {logging_mixin.py:109} INFO - [2022-09-22 23:47:03,395] {dag.py:2935} INFO - Setting next_dagrun for data_ingestion_gcs_dag to 2022-09-21 00:00:00+00:00
[2022-09-22 23:47:03,495] {processor.py:171} INFO - Processing /opt/airflow/dags/data_ingestion_gcs_dag.py took 4.904 seconds
[2022-09-22 23:47:37,099] {processor.py:163} INFO - Started process (PID=511) to work on /opt/airflow/dags/data_ingestion_gcs_dag.py
[2022-09-22 23:47:37,132] {processor.py:642} INFO - Processing file /opt/airflow/dags/data_ingestion_gcs_dag.py for tasks to queue
[2022-09-22 23:47:37,211] {logging_mixin.py:109} INFO - [2022-09-22 23:47:37,211] {dagbag.py:500} INFO - Filling up the DagBag from /opt/airflow/dags/data_ingestion_gcs_dag.py
[2022-09-22 23:48:04,496] {processor.py:654} INFO - DAG(s) dict_keys(['data_ingestion_gcs_dag']) retrieved from /opt/airflow/dags/data_ingestion_gcs_dag.py
[2022-09-22 23:48:04,675] {logging_mixin.py:109} INFO - [2022-09-22 23:48:04,675] {dag.py:2396} INFO - Sync 1 DAGs
[2022-09-22 23:48:04,910] {logging_mixin.py:109} INFO - [2022-09-22 23:48:04,910] {dag.py:2935} INFO - Setting next_dagrun for data_ingestion_gcs_dag to 2022-09-21 00:00:00+00:00
[2022-09-22 23:48:05,195] {processor.py:171} INFO - Processing /opt/airflow/dags/data_ingestion_gcs_dag.py took 28.224 seconds
[2022-09-22 23:48:35,926] {processor.py:163} INFO - Started process (PID=540) to work on /opt/airflow/dags/data_ingestion_gcs_dag.py
[2022-09-22 23:48:36,004] {processor.py:642} INFO - Processing file /opt/airflow/dags/data_ingestion_gcs_dag.py for tasks to queue
[2022-09-22 23:48:36,063] {logging_mixin.py:109} INFO - [2022-09-22 23:48:36,062] {dagbag.py:500} INFO - Filling up the DagBag from /opt/airflow/dags/data_ingestion_gcs_dag.py
[2022-09-22 23:48:51,665] {processor.py:654} INFO - DAG(s) dict_keys(['data_ingestion_gcs_dag']) retrieved from /opt/airflow/dags/data_ingestion_gcs_dag.py
[2022-09-22 23:48:52,073] {logging_mixin.py:109} INFO - [2022-09-22 23:48:52,072] {dag.py:2396} INFO - Sync 1 DAGs
[2022-09-22 23:48:52,394] {logging_mixin.py:109} INFO - [2022-09-22 23:48:52,394] {dag.py:2935} INFO - Setting next_dagrun for data_ingestion_gcs_dag to 2022-09-21 00:00:00+00:00
[2022-09-22 23:48:52,599] {processor.py:171} INFO - Processing /opt/airflow/dags/data_ingestion_gcs_dag.py took 16.693 seconds
[2022-09-22 23:49:22,959] {processor.py:163} INFO - Started process (PID=571) to work on /opt/airflow/dags/data_ingestion_gcs_dag.py
[2022-09-22 23:49:22,985] {processor.py:642} INFO - Processing file /opt/airflow/dags/data_ingestion_gcs_dag.py for tasks to queue
[2022-09-22 23:49:22,987] {logging_mixin.py:109} INFO - [2022-09-22 23:49:22,987] {dagbag.py:500} INFO - Filling up the DagBag from /opt/airflow/dags/data_ingestion_gcs_dag.py
[2022-09-22 23:49:24,553] {processor.py:654} INFO - DAG(s) dict_keys(['data_ingestion_gcs_dag']) retrieved from /opt/airflow/dags/data_ingestion_gcs_dag.py
[2022-09-22 23:49:24,569] {logging_mixin.py:109} INFO - [2022-09-22 23:49:24,569] {dag.py:2396} INFO - Sync 1 DAGs
[2022-09-22 23:49:24,600] {logging_mixin.py:109} INFO - [2022-09-22 23:49:24,600] {dag.py:2935} INFO - Setting next_dagrun for data_ingestion_gcs_dag to 2022-09-21 00:00:00+00:00
[2022-09-22 23:49:28,221] {processor.py:171} INFO - Processing /opt/airflow/dags/data_ingestion_gcs_dag.py took 5.270 seconds
[2022-09-22 23:49:59,299] {processor.py:163} INFO - Started process (PID=591) to work on /opt/airflow/dags/data_ingestion_gcs_dag.py
[2022-09-22 23:49:59,324] {processor.py:642} INFO - Processing file /opt/airflow/dags/data_ingestion_gcs_dag.py for tasks to queue
[2022-09-22 23:49:59,325] {logging_mixin.py:109} INFO - [2022-09-22 23:49:59,325] {dagbag.py:500} INFO - Filling up the DagBag from /opt/airflow/dags/data_ingestion_gcs_dag.py
[2022-09-22 23:50:04,461] {processor.py:654} INFO - DAG(s) dict_keys(['data_ingestion_gcs_dag']) retrieved from /opt/airflow/dags/data_ingestion_gcs_dag.py
[2022-09-22 23:50:04,541] {logging_mixin.py:109} INFO - [2022-09-22 23:50:04,541] {dag.py:2396} INFO - Sync 1 DAGs
[2022-09-22 23:50:04,660] {logging_mixin.py:109} INFO - [2022-09-22 23:50:04,660] {dag.py:2935} INFO - Setting next_dagrun for data_ingestion_gcs_dag to 2022-09-21 00:00:00+00:00
[2022-09-22 23:50:04,751] {processor.py:171} INFO - Processing /opt/airflow/dags/data_ingestion_gcs_dag.py took 5.459 seconds
[2022-09-22 23:50:35,384] {processor.py:163} INFO - Started process (PID=611) to work on /opt/airflow/dags/data_ingestion_gcs_dag.py
[2022-09-22 23:50:35,403] {processor.py:642} INFO - Processing file /opt/airflow/dags/data_ingestion_gcs_dag.py for tasks to queue
[2022-09-22 23:50:35,453] {logging_mixin.py:109} INFO - [2022-09-22 23:50:35,453] {dagbag.py:500} INFO - Filling up the DagBag from /opt/airflow/dags/data_ingestion_gcs_dag.py
[2022-09-22 23:50:39,432] {processor.py:654} INFO - DAG(s) dict_keys(['data_ingestion_gcs_dag']) retrieved from /opt/airflow/dags/data_ingestion_gcs_dag.py
[2022-09-22 23:50:39,469] {logging_mixin.py:109} INFO - [2022-09-22 23:50:39,465] {dag.py:2396} INFO - Sync 1 DAGs
[2022-09-22 23:50:39,541] {logging_mixin.py:109} INFO - [2022-09-22 23:50:39,541] {dag.py:2935} INFO - Setting next_dagrun for data_ingestion_gcs_dag to 2022-09-21 00:00:00+00:00
[2022-09-22 23:50:39,599] {processor.py:171} INFO - Processing /opt/airflow/dags/data_ingestion_gcs_dag.py took 4.250 seconds
[2022-09-22 23:51:10,487] {processor.py:163} INFO - Started process (PID=623) to work on /opt/airflow/dags/data_ingestion_gcs_dag.py
[2022-09-22 23:51:10,500] {processor.py:642} INFO - Processing file /opt/airflow/dags/data_ingestion_gcs_dag.py for tasks to queue
[2022-09-22 23:51:10,503] {logging_mixin.py:109} INFO - [2022-09-22 23:51:10,503] {dagbag.py:500} INFO - Filling up the DagBag from /opt/airflow/dags/data_ingestion_gcs_dag.py
[2022-09-22 23:51:13,401] {processor.py:654} INFO - DAG(s) dict_keys(['data_ingestion_gcs_dag']) retrieved from /opt/airflow/dags/data_ingestion_gcs_dag.py
[2022-09-22 23:51:13,439] {logging_mixin.py:109} INFO - [2022-09-22 23:51:13,438] {dag.py:2396} INFO - Sync 1 DAGs
[2022-09-22 23:51:13,518] {logging_mixin.py:109} INFO - [2022-09-22 23:51:13,518] {dag.py:2935} INFO - Setting next_dagrun for data_ingestion_gcs_dag to 2022-09-21 00:00:00+00:00
[2022-09-22 23:51:13,754] {processor.py:171} INFO - Processing /opt/airflow/dags/data_ingestion_gcs_dag.py took 3.285 seconds
[2022-09-22 23:51:44,782] {processor.py:163} INFO - Started process (PID=644) to work on /opt/airflow/dags/data_ingestion_gcs_dag.py
[2022-09-22 23:51:44,785] {processor.py:642} INFO - Processing file /opt/airflow/dags/data_ingestion_gcs_dag.py for tasks to queue
[2022-09-22 23:51:44,792] {logging_mixin.py:109} INFO - [2022-09-22 23:51:44,792] {dagbag.py:500} INFO - Filling up the DagBag from /opt/airflow/dags/data_ingestion_gcs_dag.py
[2022-09-22 23:51:48,882] {processor.py:654} INFO - DAG(s) dict_keys(['data_ingestion_gcs_dag']) retrieved from /opt/airflow/dags/data_ingestion_gcs_dag.py
[2022-09-22 23:51:48,941] {logging_mixin.py:109} INFO - [2022-09-22 23:51:48,941] {dag.py:2396} INFO - Sync 1 DAGs
[2022-09-22 23:51:49,099] {logging_mixin.py:109} INFO - [2022-09-22 23:51:49,099] {dag.py:2935} INFO - Setting next_dagrun for data_ingestion_gcs_dag to 2022-09-21 00:00:00+00:00
[2022-09-22 23:51:49,250] {processor.py:171} INFO - Processing /opt/airflow/dags/data_ingestion_gcs_dag.py took 4.490 seconds
[2022-09-22 23:52:20,850] {processor.py:163} INFO - Started process (PID=665) to work on /opt/airflow/dags/data_ingestion_gcs_dag.py
[2022-09-22 23:52:20,867] {processor.py:642} INFO - Processing file /opt/airflow/dags/data_ingestion_gcs_dag.py for tasks to queue
[2022-09-22 23:52:20,903] {logging_mixin.py:109} INFO - [2022-09-22 23:52:20,879] {dagbag.py:500} INFO - Filling up the DagBag from /opt/airflow/dags/data_ingestion_gcs_dag.py
[2022-09-22 23:52:25,457] {processor.py:654} INFO - DAG(s) dict_keys(['data_ingestion_gcs_dag']) retrieved from /opt/airflow/dags/data_ingestion_gcs_dag.py
[2022-09-22 23:52:25,545] {logging_mixin.py:109} INFO - [2022-09-22 23:52:25,544] {dag.py:2396} INFO - Sync 1 DAGs
[2022-09-22 23:52:25,698] {logging_mixin.py:109} INFO - [2022-09-22 23:52:25,697] {dag.py:2935} INFO - Setting next_dagrun for data_ingestion_gcs_dag to 2022-09-21 00:00:00+00:00
[2022-09-22 23:52:25,743] {processor.py:171} INFO - Processing /opt/airflow/dags/data_ingestion_gcs_dag.py took 4.900 seconds
[2022-09-22 23:52:56,752] {processor.py:163} INFO - Started process (PID=687) to work on /opt/airflow/dags/data_ingestion_gcs_dag.py
[2022-09-22 23:52:56,755] {processor.py:642} INFO - Processing file /opt/airflow/dags/data_ingestion_gcs_dag.py for tasks to queue
[2022-09-22 23:52:56,757] {logging_mixin.py:109} INFO - [2022-09-22 23:52:56,757] {dagbag.py:500} INFO - Filling up the DagBag from /opt/airflow/dags/data_ingestion_gcs_dag.py
[2022-09-22 23:52:59,829] {processor.py:654} INFO - DAG(s) dict_keys(['data_ingestion_gcs_dag']) retrieved from /opt/airflow/dags/data_ingestion_gcs_dag.py
[2022-09-22 23:52:59,851] {logging_mixin.py:109} INFO - [2022-09-22 23:52:59,850] {dag.py:2396} INFO - Sync 1 DAGs
[2022-09-22 23:52:59,886] {logging_mixin.py:109} INFO - [2022-09-22 23:52:59,886] {dag.py:2935} INFO - Setting next_dagrun for data_ingestion_gcs_dag to 2022-09-21 00:00:00+00:00
[2022-09-22 23:52:59,939] {processor.py:171} INFO - Processing /opt/airflow/dags/data_ingestion_gcs_dag.py took 3.197 seconds
[2022-09-22 23:53:30,603] {processor.py:163} INFO - Started process (PID=708) to work on /opt/airflow/dags/data_ingestion_gcs_dag.py
[2022-09-22 23:53:30,605] {processor.py:642} INFO - Processing file /opt/airflow/dags/data_ingestion_gcs_dag.py for tasks to queue
[2022-09-22 23:53:30,607] {logging_mixin.py:109} INFO - [2022-09-22 23:53:30,607] {dagbag.py:500} INFO - Filling up the DagBag from /opt/airflow/dags/data_ingestion_gcs_dag.py
[2022-09-22 23:53:33,958] {processor.py:654} INFO - DAG(s) dict_keys(['data_ingestion_gcs_dag']) retrieved from /opt/airflow/dags/data_ingestion_gcs_dag.py
[2022-09-22 23:53:34,004] {logging_mixin.py:109} INFO - [2022-09-22 23:53:34,004] {dag.py:2396} INFO - Sync 1 DAGs
[2022-09-22 23:53:34,058] {logging_mixin.py:109} INFO - [2022-09-22 23:53:34,055] {dag.py:2935} INFO - Setting next_dagrun for data_ingestion_gcs_dag to 2022-09-21 00:00:00+00:00
[2022-09-22 23:53:34,217] {processor.py:171} INFO - Processing /opt/airflow/dags/data_ingestion_gcs_dag.py took 3.623 seconds
[2022-09-22 23:54:05,285] {processor.py:163} INFO - Started process (PID=729) to work on /opt/airflow/dags/data_ingestion_gcs_dag.py
[2022-09-22 23:54:05,298] {processor.py:642} INFO - Processing file /opt/airflow/dags/data_ingestion_gcs_dag.py for tasks to queue
[2022-09-22 23:54:05,301] {logging_mixin.py:109} INFO - [2022-09-22 23:54:05,300] {dagbag.py:500} INFO - Filling up the DagBag from /opt/airflow/dags/data_ingestion_gcs_dag.py
[2022-09-22 23:54:07,172] {processor.py:654} INFO - DAG(s) dict_keys(['data_ingestion_gcs_dag']) retrieved from /opt/airflow/dags/data_ingestion_gcs_dag.py
[2022-09-22 23:54:07,223] {logging_mixin.py:109} INFO - [2022-09-22 23:54:07,222] {dag.py:2396} INFO - Sync 1 DAGs
[2022-09-22 23:54:07,319] {logging_mixin.py:109} INFO - [2022-09-22 23:54:07,319] {dag.py:2935} INFO - Setting next_dagrun for data_ingestion_gcs_dag to 2022-09-21 00:00:00+00:00
[2022-09-22 23:54:07,802] {processor.py:171} INFO - Processing /opt/airflow/dags/data_ingestion_gcs_dag.py took 2.532 seconds
[2022-09-22 23:54:39,087] {processor.py:163} INFO - Started process (PID=749) to work on /opt/airflow/dags/data_ingestion_gcs_dag.py
[2022-09-22 23:54:39,134] {processor.py:642} INFO - Processing file /opt/airflow/dags/data_ingestion_gcs_dag.py for tasks to queue
[2022-09-22 23:54:39,213] {logging_mixin.py:109} INFO - [2022-09-22 23:54:39,136] {dagbag.py:500} INFO - Filling up the DagBag from /opt/airflow/dags/data_ingestion_gcs_dag.py
[2022-09-22 23:54:48,939] {processor.py:654} INFO - DAG(s) dict_keys(['data_ingestion_gcs_dag']) retrieved from /opt/airflow/dags/data_ingestion_gcs_dag.py
[2022-09-22 23:54:48,992] {logging_mixin.py:109} INFO - [2022-09-22 23:54:48,991] {dag.py:2396} INFO - Sync 1 DAGs
[2022-09-22 23:54:49,081] {logging_mixin.py:109} INFO - [2022-09-22 23:54:49,081] {dag.py:2935} INFO - Setting next_dagrun for data_ingestion_gcs_dag to 2022-09-21 00:00:00+00:00
[2022-09-22 23:54:49,203] {processor.py:171} INFO - Processing /opt/airflow/dags/data_ingestion_gcs_dag.py took 10.141 seconds
[2022-09-22 23:55:20,552] {processor.py:163} INFO - Started process (PID=771) to work on /opt/airflow/dags/data_ingestion_gcs_dag.py
[2022-09-22 23:55:20,597] {processor.py:642} INFO - Processing file /opt/airflow/dags/data_ingestion_gcs_dag.py for tasks to queue
[2022-09-22 23:55:20,600] {logging_mixin.py:109} INFO - [2022-09-22 23:55:20,599] {dagbag.py:500} INFO - Filling up the DagBag from /opt/airflow/dags/data_ingestion_gcs_dag.py
[2022-09-22 23:55:24,030] {processor.py:654} INFO - DAG(s) dict_keys(['data_ingestion_gcs_dag']) retrieved from /opt/airflow/dags/data_ingestion_gcs_dag.py
[2022-09-22 23:55:24,049] {logging_mixin.py:109} INFO - [2022-09-22 23:55:24,048] {dag.py:2396} INFO - Sync 1 DAGs
[2022-09-22 23:55:24,083] {logging_mixin.py:109} INFO - [2022-09-22 23:55:24,082] {dag.py:2935} INFO - Setting next_dagrun for data_ingestion_gcs_dag to 2022-09-21 00:00:00+00:00
[2022-09-22 23:55:24,117] {processor.py:171} INFO - Processing /opt/airflow/dags/data_ingestion_gcs_dag.py took 3.596 seconds
[2022-09-22 23:55:54,529] {processor.py:163} INFO - Started process (PID=792) to work on /opt/airflow/dags/data_ingestion_gcs_dag.py
[2022-09-22 23:55:54,537] {processor.py:642} INFO - Processing file /opt/airflow/dags/data_ingestion_gcs_dag.py for tasks to queue
[2022-09-22 23:55:54,539] {logging_mixin.py:109} INFO - [2022-09-22 23:55:54,539] {dagbag.py:500} INFO - Filling up the DagBag from /opt/airflow/dags/data_ingestion_gcs_dag.py
[2022-09-22 23:55:57,778] {processor.py:654} INFO - DAG(s) dict_keys(['data_ingestion_gcs_dag']) retrieved from /opt/airflow/dags/data_ingestion_gcs_dag.py
[2022-09-22 23:55:57,806] {logging_mixin.py:109} INFO - [2022-09-22 23:55:57,805] {dag.py:2396} INFO - Sync 1 DAGs
[2022-09-22 23:55:57,837] {logging_mixin.py:109} INFO - [2022-09-22 23:55:57,837] {dag.py:2935} INFO - Setting next_dagrun for data_ingestion_gcs_dag to 2022-09-21 00:00:00+00:00
[2022-09-22 23:55:57,867] {processor.py:171} INFO - Processing /opt/airflow/dags/data_ingestion_gcs_dag.py took 3.367 seconds
[2022-09-22 23:56:28,329] {processor.py:163} INFO - Started process (PID=812) to work on /opt/airflow/dags/data_ingestion_gcs_dag.py
[2022-09-22 23:56:28,335] {processor.py:642} INFO - Processing file /opt/airflow/dags/data_ingestion_gcs_dag.py for tasks to queue
[2022-09-22 23:56:28,337] {logging_mixin.py:109} INFO - [2022-09-22 23:56:28,337] {dagbag.py:500} INFO - Filling up the DagBag from /opt/airflow/dags/data_ingestion_gcs_dag.py
[2022-09-22 23:56:31,476] {processor.py:654} INFO - DAG(s) dict_keys(['data_ingestion_gcs_dag']) retrieved from /opt/airflow/dags/data_ingestion_gcs_dag.py
[2022-09-22 23:56:31,745] {logging_mixin.py:109} INFO - [2022-09-22 23:56:31,744] {dag.py:2396} INFO - Sync 1 DAGs
[2022-09-22 23:56:32,040] {logging_mixin.py:109} INFO - [2022-09-22 23:56:32,040] {dag.py:2935} INFO - Setting next_dagrun for data_ingestion_gcs_dag to 2022-09-21 00:00:00+00:00
[2022-09-22 23:56:32,160] {processor.py:171} INFO - Processing /opt/airflow/dags/data_ingestion_gcs_dag.py took 3.851 seconds
[2022-09-22 23:57:03,147] {processor.py:163} INFO - Started process (PID=824) to work on /opt/airflow/dags/data_ingestion_gcs_dag.py
[2022-09-22 23:57:03,150] {processor.py:642} INFO - Processing file /opt/airflow/dags/data_ingestion_gcs_dag.py for tasks to queue
[2022-09-22 23:57:03,152] {logging_mixin.py:109} INFO - [2022-09-22 23:57:03,152] {dagbag.py:500} INFO - Filling up the DagBag from /opt/airflow/dags/data_ingestion_gcs_dag.py
[2022-09-22 23:57:07,085] {processor.py:654} INFO - DAG(s) dict_keys(['data_ingestion_gcs_dag']) retrieved from /opt/airflow/dags/data_ingestion_gcs_dag.py
[2022-09-22 23:57:07,125] {logging_mixin.py:109} INFO - [2022-09-22 23:57:07,124] {dag.py:2396} INFO - Sync 1 DAGs
[2022-09-22 23:57:07,167] {logging_mixin.py:109} INFO - [2022-09-22 23:57:07,166] {dag.py:2935} INFO - Setting next_dagrun for data_ingestion_gcs_dag to 2022-09-21 00:00:00+00:00
[2022-09-22 23:57:07,209] {processor.py:171} INFO - Processing /opt/airflow/dags/data_ingestion_gcs_dag.py took 4.093 seconds
[2022-09-22 23:57:37,821] {processor.py:163} INFO - Started process (PID=846) to work on /opt/airflow/dags/data_ingestion_gcs_dag.py
[2022-09-22 23:57:37,844] {processor.py:642} INFO - Processing file /opt/airflow/dags/data_ingestion_gcs_dag.py for tasks to queue
[2022-09-22 23:57:37,848] {logging_mixin.py:109} INFO - [2022-09-22 23:57:37,847] {dagbag.py:500} INFO - Filling up the DagBag from /opt/airflow/dags/data_ingestion_gcs_dag.py
[2022-09-22 23:57:39,101] {processor.py:654} INFO - DAG(s) dict_keys(['data_ingestion_gcs_dag']) retrieved from /opt/airflow/dags/data_ingestion_gcs_dag.py
[2022-09-22 23:57:39,118] {logging_mixin.py:109} INFO - [2022-09-22 23:57:39,117] {dag.py:2396} INFO - Sync 1 DAGs
[2022-09-22 23:57:39,149] {logging_mixin.py:109} INFO - [2022-09-22 23:57:39,149] {dag.py:2935} INFO - Setting next_dagrun for data_ingestion_gcs_dag to 2022-09-21 00:00:00+00:00
[2022-09-22 23:57:39,422] {processor.py:171} INFO - Processing /opt/airflow/dags/data_ingestion_gcs_dag.py took 1.607 seconds
[2022-09-22 23:58:10,689] {processor.py:163} INFO - Started process (PID=867) to work on /opt/airflow/dags/data_ingestion_gcs_dag.py
[2022-09-22 23:58:10,695] {processor.py:642} INFO - Processing file /opt/airflow/dags/data_ingestion_gcs_dag.py for tasks to queue
[2022-09-22 23:58:10,701] {logging_mixin.py:109} INFO - [2022-09-22 23:58:10,701] {dagbag.py:500} INFO - Filling up the DagBag from /opt/airflow/dags/data_ingestion_gcs_dag.py
[2022-09-22 23:58:12,493] {processor.py:654} INFO - DAG(s) dict_keys(['data_ingestion_gcs_dag']) retrieved from /opt/airflow/dags/data_ingestion_gcs_dag.py
[2022-09-22 23:58:12,509] {logging_mixin.py:109} INFO - [2022-09-22 23:58:12,508] {dag.py:2396} INFO - Sync 1 DAGs
[2022-09-22 23:58:12,536] {logging_mixin.py:109} INFO - [2022-09-22 23:58:12,536] {dag.py:2935} INFO - Setting next_dagrun for data_ingestion_gcs_dag to 2022-09-21 00:00:00+00:00
[2022-09-22 23:58:12,557] {processor.py:171} INFO - Processing /opt/airflow/dags/data_ingestion_gcs_dag.py took 1.881 seconds
[2022-09-22 23:58:43,465] {processor.py:163} INFO - Started process (PID=889) to work on /opt/airflow/dags/data_ingestion_gcs_dag.py
[2022-09-22 23:58:43,467] {processor.py:642} INFO - Processing file /opt/airflow/dags/data_ingestion_gcs_dag.py for tasks to queue
[2022-09-22 23:58:43,469] {logging_mixin.py:109} INFO - [2022-09-22 23:58:43,469] {dagbag.py:500} INFO - Filling up the DagBag from /opt/airflow/dags/data_ingestion_gcs_dag.py
[2022-09-22 23:58:44,755] {processor.py:654} INFO - DAG(s) dict_keys(['data_ingestion_gcs_dag']) retrieved from /opt/airflow/dags/data_ingestion_gcs_dag.py
[2022-09-22 23:58:44,771] {logging_mixin.py:109} INFO - [2022-09-22 23:58:44,771] {dag.py:2396} INFO - Sync 1 DAGs
[2022-09-22 23:58:44,799] {logging_mixin.py:109} INFO - [2022-09-22 23:58:44,799] {dag.py:2935} INFO - Setting next_dagrun for data_ingestion_gcs_dag to 2022-09-21 00:00:00+00:00
[2022-09-22 23:58:44,823] {processor.py:171} INFO - Processing /opt/airflow/dags/data_ingestion_gcs_dag.py took 1.367 seconds
[2022-09-22 23:59:15,558] {processor.py:163} INFO - Started process (PID=911) to work on /opt/airflow/dags/data_ingestion_gcs_dag.py
[2022-09-22 23:59:15,573] {processor.py:642} INFO - Processing file /opt/airflow/dags/data_ingestion_gcs_dag.py for tasks to queue
[2022-09-22 23:59:15,589] {logging_mixin.py:109} INFO - [2022-09-22 23:59:15,588] {dagbag.py:500} INFO - Filling up the DagBag from /opt/airflow/dags/data_ingestion_gcs_dag.py
[2022-09-22 23:59:18,923] {processor.py:654} INFO - DAG(s) dict_keys(['data_ingestion_gcs_dag']) retrieved from /opt/airflow/dags/data_ingestion_gcs_dag.py
[2022-09-22 23:59:18,969] {logging_mixin.py:109} INFO - [2022-09-22 23:59:18,968] {dag.py:2396} INFO - Sync 1 DAGs
[2022-09-22 23:59:19,080] {logging_mixin.py:109} INFO - [2022-09-22 23:59:19,080] {dag.py:2935} INFO - Setting next_dagrun for data_ingestion_gcs_dag to 2022-09-21 00:00:00+00:00
[2022-09-22 23:59:19,133] {processor.py:171} INFO - Processing /opt/airflow/dags/data_ingestion_gcs_dag.py took 3.659 seconds
[2022-09-22 23:59:49,462] {processor.py:163} INFO - Started process (PID=933) to work on /opt/airflow/dags/data_ingestion_gcs_dag.py
[2022-09-22 23:59:49,474] {processor.py:642} INFO - Processing file /opt/airflow/dags/data_ingestion_gcs_dag.py for tasks to queue
[2022-09-22 23:59:49,476] {logging_mixin.py:109} INFO - [2022-09-22 23:59:49,476] {dagbag.py:500} INFO - Filling up the DagBag from /opt/airflow/dags/data_ingestion_gcs_dag.py
[2022-09-22 23:59:53,964] {processor.py:654} INFO - DAG(s) dict_keys(['data_ingestion_gcs_dag']) retrieved from /opt/airflow/dags/data_ingestion_gcs_dag.py
[2022-09-22 23:59:54,070] {logging_mixin.py:109} INFO - [2022-09-22 23:59:54,069] {dag.py:2396} INFO - Sync 1 DAGs
[2022-09-22 23:59:54,111] {logging_mixin.py:109} INFO - [2022-09-22 23:59:54,111] {dag.py:2935} INFO - Setting next_dagrun for data_ingestion_gcs_dag to 2022-09-21 00:00:00+00:00
[2022-09-22 23:59:54,203] {processor.py:171} INFO - Processing /opt/airflow/dags/data_ingestion_gcs_dag.py took 4.779 seconds
