[2022-09-24 15:28:31,483] {taskinstance.py:1032} INFO - Dependencies all met for <TaskInstance: task2_xcom_dag.training_model_B scheduled__2022-09-23T00:00:00+00:00 [queued]>
[2022-09-24 15:28:31,597] {taskinstance.py:1032} INFO - Dependencies all met for <TaskInstance: task2_xcom_dag.training_model_B scheduled__2022-09-23T00:00:00+00:00 [queued]>
[2022-09-24 15:28:31,706] {taskinstance.py:1238} INFO - 
--------------------------------------------------------------------------------
[2022-09-24 15:28:31,752] {taskinstance.py:1239} INFO - Starting attempt 1 of 1
[2022-09-24 15:28:31,834] {taskinstance.py:1240} INFO - 
--------------------------------------------------------------------------------
[2022-09-24 15:28:33,000] {taskinstance.py:1259} INFO - Executing <Task(PythonOperator): training_model_B> on 2022-09-23 00:00:00+00:00
[2022-09-24 15:28:33,231] {standard_task_runner.py:52} INFO - Started process 546 to run task
[2022-09-24 15:28:33,326] {standard_task_runner.py:76} INFO - Running: ['***', 'tasks', 'run', 'task2_xcom_dag', 'training_model_B', 'scheduled__2022-09-23T00:00:00+00:00', '--job-id', '27', '--raw', '--subdir', 'DAGS_FOLDER/task2_xcom_dag.py', '--cfg-path', '/tmp/tmpbutc3_rc', '--error-file', '/tmp/tmpo3tk_46t']
[2022-09-24 15:28:33,335] {standard_task_runner.py:77} INFO - Job 27: Subtask training_model_B
[2022-09-24 15:28:35,622] {logging_mixin.py:109} INFO - Running <TaskInstance: task2_xcom_dag.training_model_B scheduled__2022-09-23T00:00:00+00:00 [running]> on host fce8fcc31726
[2022-09-24 15:28:36,312] {taskinstance.py:1426} INFO - Exporting the following env vars:
AIRFLOW_CTX_DAG_OWNER=***
AIRFLOW_CTX_DAG_ID=task2_xcom_dag
AIRFLOW_CTX_TASK_ID=training_model_B
AIRFLOW_CTX_EXECUTION_DATE=2022-09-23T00:00:00+00:00
AIRFLOW_CTX_DAG_RUN_ID=scheduled__2022-09-23T00:00:00+00:00
[2022-09-24 15:28:36,320] {logging_mixin.py:109} INFO - model's accuracy: 3
[2022-09-24 15:28:36,407] {python.py:175} INFO - Done. Returned value was: None
[2022-09-24 15:28:36,514] {taskinstance.py:1277} INFO - Marking task as SUCCESS. dag_id=task2_xcom_dag, task_id=training_model_B, execution_date=20220923T000000, start_date=20220924T152831, end_date=20220924T152836
[2022-09-24 15:28:36,786] {local_task_job.py:154} INFO - Task exited with return code 0
[2022-09-24 15:28:37,796] {local_task_job.py:264} INFO - 0 downstream tasks scheduled from follow-on schedule check
