[2022-09-24 15:28:41,446] {taskinstance.py:1032} INFO - Dependencies all met for <TaskInstance: task2_xcom_dag.choose_best_model scheduled__2022-09-23T00:00:00+00:00 [queued]>
[2022-09-24 15:28:41,576] {taskinstance.py:1032} INFO - Dependencies all met for <TaskInstance: task2_xcom_dag.choose_best_model scheduled__2022-09-23T00:00:00+00:00 [queued]>
[2022-09-24 15:28:41,618] {taskinstance.py:1238} INFO - 
--------------------------------------------------------------------------------
[2022-09-24 15:28:41,619] {taskinstance.py:1239} INFO - Starting attempt 1 of 1
[2022-09-24 15:28:41,619] {taskinstance.py:1240} INFO - 
--------------------------------------------------------------------------------
[2022-09-24 15:28:41,809] {taskinstance.py:1259} INFO - Executing <Task(BranchPythonOperator): choose_best_model> on 2022-09-23 00:00:00+00:00
[2022-09-24 15:28:41,857] {standard_task_runner.py:52} INFO - Started process 554 to run task
[2022-09-24 15:28:41,914] {standard_task_runner.py:76} INFO - Running: ['***', 'tasks', 'run', 'task2_xcom_dag', 'choose_best_model', 'scheduled__2022-09-23T00:00:00+00:00', '--job-id', '29', '--raw', '--subdir', 'DAGS_FOLDER/task2_xcom_dag.py', '--cfg-path', '/tmp/tmpd55nfb81', '--error-file', '/tmp/tmpj2h491ct']
[2022-09-24 15:28:41,960] {standard_task_runner.py:77} INFO - Job 29: Subtask choose_best_model
[2022-09-24 15:28:42,896] {logging_mixin.py:109} INFO - Running <TaskInstance: task2_xcom_dag.choose_best_model scheduled__2022-09-23T00:00:00+00:00 [running]> on host fce8fcc31726
[2022-09-24 15:28:44,234] {taskinstance.py:1426} INFO - Exporting the following env vars:
AIRFLOW_CTX_DAG_OWNER=***
AIRFLOW_CTX_DAG_ID=task2_xcom_dag
AIRFLOW_CTX_TASK_ID=choose_best_model
AIRFLOW_CTX_EXECUTION_DATE=2022-09-23T00:00:00+00:00
AIRFLOW_CTX_DAG_RUN_ID=scheduled__2022-09-23T00:00:00+00:00
[2022-09-24 15:28:44,494] {python.py:175} INFO - Done. Returned value was: inaccurate
[2022-09-24 15:28:44,495] {skipmixin.py:143} INFO - Following branch inaccurate
[2022-09-24 15:28:44,496] {skipmixin.py:174} INFO - Skipping tasks ['accurate']
[2022-09-24 15:28:44,949] {taskinstance.py:1277} INFO - Marking task as SUCCESS. dag_id=task2_xcom_dag, task_id=choose_best_model, execution_date=20220923T000000, start_date=20220924T152841, end_date=20220924T152844
[2022-09-24 15:28:45,174] {local_task_job.py:154} INFO - Task exited with return code 0
[2022-09-24 15:28:45,763] {local_task_job.py:264} INFO - 1 downstream tasks scheduled from follow-on schedule check
